06:48:11.565894 [loadequilibrium] starting - VER_2.2_SYNC_CHECK
06:48:14.570549 [persistence] disabled (no DATABASE_URL)
06:48:14.587062 [NF_DEBUG] networkField CREATED
06:48:14.587870 [NF_DEBUG_GRID] experimental grid created
06:48:14.589565 [engine] started  tick=2s  window=30  maxSvc=200  workers=8  stochastic=exponential  min=1s  max=10s
06:48:14.589946 [engine] SCENARIO_MODE detected [VER_2.1]: "on" (os.Getenv: "")
06:48:14.589429 [http] listening on :8080
06:48:16.604848 [NF_DEBUG] tick loop entered
06:48:18.608973 [NF_DEBUG] tick loop entered
06:48:20.609679 [NF_DEBUG] tick loop entered
06:48:22.610725 [NF_DEBUG] tick loop entered
06:48:24.612202 [NF_DEBUG] tick loop entered
06:48:26.613826 [NF_DEBUG] tick loop entered
06:48:28.614285 [NF_DEBUG] tick loop entered
06:48:30.614555 [NF_DEBUG] tick loop entered
06:48:32.615193 [NF_DEBUG] tick loop entered
06:48:34.615866 [scenario] tick=10 id=burst-frontend phase=ramp svc=frontend metric=RequestRate factor=1.00 depth=3 prop_delay_est=7.50ms
06:48:34.618101 [coupler] svc=frontend window_queue_baseline=0.000 window_latency_persisted=15.000 demand_memory_factor=100.000 propagation_stage=1 variance=0.000
06:48:34.619446 [physics] svc=frontend queue_next=0.000 effective_service_rate=666.667 latency_feedback=1.000 propagation_delay_stage=0
06:48:34.621368 [observer] svc=frontend queue_velocity=0.000 utilisation_gradient=0.000 disturbance_energy=0.000 stability_score=1.000
06:48:34.622316 [control] svc=frontend bare_out=0.850 recovery_incentive=0.000 stability_margin=0.880 predicted_relief_ms=0 adjusted_limit=1.800 stiction=0
06:48:34.623642 [NF_DEBUG] tick loop entered
06:48:34.624546 [network_field] time=0 mass=5.061010 tv=0.730872
06:48:34.625428 [NF_DEBUG] tick loop entered
06:48:34.626555 [network_field] time=1 mass=4.827187 tv=0.770152
06:48:34.628231 [NF_DEBUG] tick loop entered
06:48:34.628882 [network_field] time=2 mass=4.631200 tv=0.795427
06:48:34.629484 [NF_DEBUG] tick loop entered
06:48:34.629776 [network_field] time=3 mass=4.492896 tv=0.801496
06:48:34.630100 [NF_DEBUG] tick loop entered
06:48:34.630442 [network_field] time=4 mass=4.401418 tv=0.781801
06:48:34.630737 [NF_DEBUG] tick loop entered
06:48:34.631064 [network_field] time=5 mass=4.318754 tv=0.763583
06:48:34.631439 [NF_DEBUG] tick loop entered
06:48:34.632595 [network_field] time=6 mass=4.243718 tv=0.746460
06:48:34.633666 [NF_DEBUG] tick loop entered
06:48:34.634083 [network_field] time=7 mass=4.175377 tv=0.730181
06:48:34.624660 [actuator] EXECUTED id=tick-10-svc-frontend svc=frontend limit=1.80 latency=1.236342ms tick=10
06:48:34.623785 [NF_DEBUG] tick loop entered
06:48:34.624003 [NF_DEBUG] tick loop entered
06:48:34.623671 [NF_DEBUG] tick loop entered
06:48:34.634530 [NF_DEBUG] tick loop entered
06:48:34.635242 [network_field] time=0 mass=4.112981 tv=0.714580
06:48:34.635554 [network_field] time=0 mass=4.055911 tv=0.699542
06:48:34.635870 [network_field] time=0 mass=4.003645 tv=0.684986
06:48:34.636586 [network_field] time=8 mass=3.955735 tv=0.670853
06:48:34.637054 [NF_DEBUG] tick loop entered
06:48:34.637455 [NF_DEBUG] tick loop entered
06:48:34.638498 [network_field] time=1 mass=3.871472 tv=0.643699
06:48:34.638683 [NF_DEBUG] tick loop entered
06:48:34.638870 [network_field] time=2 mass=3.834465 tv=0.630620
06:48:34.637833 [NF_DEBUG] tick loop entered
06:48:34.638110 [NF_DEBUG] tick loop entered
06:48:34.638319 [network_field] time=1 mass=3.911793 tv=0.657101
06:48:34.639062 [NF_DEBUG] tick loop entered
06:48:34.639743 [network_field] time=3 mass=3.800493 tv=0.617846
06:48:34.640560 [NF_DEBUG] tick loop entered
06:48:34.640766 [network_field] time=4 mass=3.769302 tv=0.605361
06:48:34.639579 [NF_DEBUG] tick loop entered
06:48:34.640953 [NF_DEBUG] tick loop entered
06:48:34.641289 [network_field] time=5 mass=3.740655 tv=0.593152
06:48:34.641512 [NF_DEBUG] tick loop entered
06:48:34.641777 [network_field] time=6 mass=3.714332 tv=0.581208
06:48:34.642032 [NF_DEBUG] tick loop entered
06:48:34.642279 [network_field] time=7 mass=3.690127 tv=0.569520
06:48:34.641270 [hub] marshal error: json: unsupported value: +Inf
06:48:34.642535 [NF_DEBUG] tick loop entered
06:48:34.643106 [network_field] time=8 mass=3.667840 tv=0.558080
06:48:34.643333 [NF_DEBUG] tick loop entered
06:48:34.643583 [network_field] time=9 mass=3.647281 tv=0.546880
06:48:34.643808 [NF_DEBUG] tick loop entered
06:48:34.644057 [network_field] time=10 mass=3.628264 tv=0.535913
06:48:34.644237 [NF_DEBUG] tick loop entered
06:48:34.644410 [network_field] time=11 mass=3.610610 tv=0.525174
06:48:34.644576 [NF_DEBUG] tick loop entered
06:48:34.644735 [NF_DEBUG] tick loop entered
06:48:34.644895 [network_field] time=12 mass=3.594143 tv=0.514656
06:48:34.645056 [NF_DEBUG] tick loop entered
06:48:34.645226 [network_field] time=13 mass=3.578695 tv=0.504355
06:48:34.645390 [NF_DEBUG] tick loop entered
06:48:34.645550 [network_field] time=14 mass=3.564101 tv=0.494266
06:48:34.645709 [NF_DEBUG] tick loop entered
06:48:34.645870 [NF_DEBUG] tick loop entered
06:48:34.646033 [network_field] time=15 mass=3.452216 tv=0.581103
06:48:34.646212 [NF_DEBUG] tick loop entered
06:48:34.646377 [network_field] time=16 mass=3.342918 tv=0.662397
06:48:34.646539 [NF_DEBUG] tick loop entered
06:48:34.646701 [network_field] time=17 mass=3.236095 tv=0.728806
06:48:34.646870 [NF_DEBUG] tick loop entered
06:48:34.647271 [network_field] time=18 mass=3.131639 tv=0.774218
06:48:34.647730 [NF_DEBUG] tick loop entered
06:48:34.648107 [network_field] time=19 mass=3.029445 tv=0.793049
06:48:34.648308 [NF_DEBUG] tick loop entered
06:48:34.648472 [network_field] time=20 mass=2.929413 tv=0.778912
06:48:34.648641 [NF_DEBUG] tick loop entered
06:48:34.648887 [network_field] time=21 mass=2.831448 tv=0.728252
06:48:34.649239 [NF_DEBUG] tick loop entered
06:48:34.649964 [network_field] time=22 mass=2.735460 tv=0.646359
06:48:34.650407 [NF_DEBUG] tick loop entered
06:48:34.650599 [network_field] time=23 mass=2.641365 tv=0.628533
06:48:34.650772 [NF_DEBUG] tick loop entered
06:48:34.650942 [network_field] time=24 mass=2.549087 tv=0.600274
06:48:34.651091 [NF_DEBUG] tick loop entered
06:48:34.651241 [network_field] time=25 mass=2.458552 tv=0.551005
06:48:34.651395 [NF_DEBUG] tick loop entered
06:48:34.651553 [network_field] time=26 mass=2.369693 tv=0.540604
06:48:34.651707 [NF_DEBUG] tick loop entered
06:48:34.651857 [network_field] time=27 mass=2.282450 tv=0.512590
06:48:34.652011 [NF_DEBUG] tick loop entered
06:48:34.652166 [network_field] time=28 mass=2.196766 tv=0.484378
06:48:34.652316 [NF_DEBUG] tick loop entered
06:48:34.652475 [network_field] time=29 mass=2.112590 tv=0.470763
06:48:34.652630 [NF_DEBUG] tick loop entered
06:48:34.652784 [network_field] time=30 mass=2.029875 tv=0.445236
06:48:34.652935 [NF_DEBUG] tick loop entered
06:48:34.653128 [network_field] time=31 mass=1.948579 tv=0.430711
06:48:34.653293 [NF_DEBUG] tick loop entered
06:48:34.653452 [network_field] time=32 mass=1.868663 tv=0.415308
06:48:34.653611 [NF_DEBUG] tick loop entered
06:48:34.653766 [network_field] time=33 mass=1.790092 tv=0.393552
06:48:34.653925 [NF_DEBUG] tick loop entered
06:48:34.654087 [network_field] time=34 mass=1.712834 tv=0.385034
06:48:34.654985 [NF_DEBUG] tick loop entered
06:48:34.655158 [NF_DEBUG] tick loop entered
06:48:34.655309 [NF_DEBUG] tick loop entered
06:48:34.655461 [network_field] time=35 mass=1.636863 tv=0.368875
06:48:34.655612 [NF_DEBUG] tick loop entered
06:48:34.655819 [network_field] time=36 mass=1.562153 tv=0.355138
06:48:34.656014 [NF_DEBUG] tick loop entered
06:48:34.656212 [network_field] time=37 mass=1.488688 tv=0.344936
06:48:34.656380 [NF_DEBUG] tick loop entered
06:48:34.656532 [network_field] time=38 mass=1.416456 tv=0.329088
06:48:34.656688 [NF_DEBUG] tick loop entered
06:48:34.656841 [network_field] time=39 mass=1.345457 tv=0.321843
06:48:34.656992 [NF_DEBUG] tick loop entered
06:48:34.657104 [network_field] time=40 mass=1.275705 tv=0.310329
06:48:34.657254 [NF_DEBUG] tick loop entered
06:48:34.657405 [network_field] time=41 mass=1.207225 tv=0.298926
06:48:34.657557 [NF_DEBUG] tick loop entered
06:48:34.657711 [network_field] time=42 mass=1.140045 tv=0.291335
06:48:34.657864 [NF_DEBUG] tick loop entered
06:48:34.658102 [network_field] time=43 mass=1.074207 tv=0.279651
06:48:34.658270 [NF_DEBUG] tick loop entered
06:48:34.658431 [network_field] time=44 mass=1.009760 tv=0.272962
06:48:34.658587 [NF_DEBUG] tick loop entered
06:48:34.658747 [network_field] time=45 mass=0.946757 tv=0.264156
06:48:34.658898 [NF_DEBUG] tick loop entered
06:48:34.659056 [network_field] time=46 mass=0.885261 tv=0.254912
06:48:34.659209 [NF_DEBUG] tick loop entered
06:48:34.659362 [network_field] time=47 mass=0.825361 tv=0.248797
06:48:34.659518 [NF_DEBUG] tick loop entered
06:48:34.659679 [network_field] time=48 mass=0.767143 tv=0.239633
06:48:34.659837 [NF_DEBUG] tick loop entered
06:48:34.659996 [network_field] time=49 mass=0.710667 tv=0.233769
06:48:34.660151 [NF_DEBUG] tick loop entered
06:48:34.660313 [network_field] time=50 mass=0.668534 tv=0.227877
06:48:34.660472 [NF_DEBUG] tick loop entered
06:48:34.660632 [NF_DEBUG] tick loop entered
06:48:34.660791 [NF_DEBUG] tick loop entered
06:48:34.660953 [network_field] time=51 mass=0.629529 tv=0.220364
06:48:34.661092 [NF_DEBUG] tick loop entered
06:48:34.661268 [network_field] time=52 mass=0.593400 tv=0.211661
06:48:34.661994 [NF_DEBUG] tick loop entered
06:48:34.662163 [network_field] time=53 mass=0.559463 tv=0.202035
06:48:34.662321 [NF_DEBUG] tick loop entered
06:48:34.662476 [network_field] time=54 mass=0.527556 tv=0.191747
06:48:34.662632 [NF_DEBUG] tick loop entered
06:48:34.662804 [network_field] time=55 mass=0.497694 tv=0.181052
06:48:34.662944 [NF_DEBUG] tick loop entered
06:48:34.663122 [network_field] time=56 mass=0.469938 tv=0.170194
06:48:34.663305 [NF_DEBUG] tick loop entered
06:48:34.663476 [network_field] time=57 mass=0.444375 tv=0.159436
06:48:34.663677 [NF_DEBUG] tick loop entered
06:48:34.664117 [network_field] time=58 mass=0.421117 tv=0.148962
06:48:34.664276 [NF_DEBUG] tick loop entered
06:48:34.664487 [network_field] time=59 mass=0.400074 tv=0.138909
06:48:34.664644 [NF_DEBUG] tick loop entered
06:48:34.664801 [network_field] time=60 mass=0.381152 tv=0.129383
06:48:34.664950 [NF_DEBUG] tick loop entered
06:48:34.665103 [network_field] time=61 mass=0.364246 tv=0.120458
06:48:34.665276 [NF_DEBUG] tick loop entered
06:48:34.665456 [network_field] time=62 mass=0.349245 tv=0.112186
06:48:34.665632 [NF_DEBUG] tick loop entered
06:48:34.665890 [network_field] time=63 mass=0.336027 tv=0.104597
06:48:34.666411 [NF_DEBUG] tick loop entered
06:48:34.666707 [network_field] time=64 mass=0.324466 tv=0.097702
06:48:34.666876 [NF_DEBUG] tick loop entered
06:48:34.667042 [network_field] time=65 mass=0.314429 tv=0.091495
06:48:34.667211 [NF_DEBUG] tick loop entered
06:48:34.667364 [network_field] time=66 mass=0.305785 tv=0.085958
06:48:34.667514 [NF_DEBUG] tick loop entered
06:48:34.667665 [network_field] time=67 mass=0.298398 tv=0.081060
06:48:34.667796 [NF_DEBUG] tick loop entered
06:48:34.667947 [network_field] time=68 mass=0.292141 tv=0.076765
06:48:34.668096 [NF_DEBUG] tick loop entered
06:48:34.668227 [network_field] time=69 mass=0.286888 tv=0.073028
06:48:34.668366 [NF_DEBUG] tick loop entered
06:48:34.668489 [network_field] time=70 mass=0.282520 tv=0.069805
06:48:34.669347 [NF_DEBUG] tick loop entered
06:48:36.643479 [scenario] tick=11 id=burst-frontend phase=ramp svc=frontend metric=RequestRate factor=1.26 depth=3 prop_delay_est=9.46ms
06:48:36.645251 [coupler] svc=frontend window_queue_baseline=0.000 window_latency_persisted=15.000 demand_memory_factor=118.274 propagation_stage=2 variance=0.000
06:48:36.647245 [physics] svc=frontend queue_next=0.000 effective_service_rate=666.667 latency_feedback=1.000 propagation_delay_stage=0
06:48:36.648148 [observer] svc=frontend queue_velocity=0.000 utilisation_gradient=6.124 disturbance_energy=3.885 stability_score=0.000
06:48:36.649223 [control] svc=frontend bare_out=0.700 recovery_incentive=0.000 stability_margin=0.834 predicted_relief_ms=0 adjusted_limit=2.052 stiction=0
06:48:36.650317 [NF_DEBUG] tick loop entered
06:48:36.651160 [network_field] time=0 mass=0.278926 tv=0.067047
06:48:36.651669 [NF_DEBUG] tick loop entered
06:48:36.652353 [NF_DEBUG] tick loop entered
06:48:36.651303 [actuator] EXECUTED id=tick-11-svc-frontend svc=frontend limit=2.05 latency=1.235791ms tick=11
06:48:36.650362 [hub] marshal error: json: unsupported value: +Inf
06:48:36.653175 [network_field] time=1 mass=0.276003 tv=0.064707
06:48:36.655150 [NF_DEBUG] tick loop entered
06:48:36.655730 [NF_DEBUG] tick loop entered
06:48:36.656283 [network_field] time=2 mass=0.273657 tv=0.062738
06:48:36.656883 [NF_DEBUG] tick loop entered
06:48:36.657421 [network_field] time=3 mass=0.271803 tv=0.061096
06:48:36.657831 [NF_DEBUG] tick loop entered
06:48:36.658230 [network_field] time=4 mass=0.270365 tv=0.059740
06:48:36.658606 [NF_DEBUG] tick loop entered
06:48:36.659057 [network_field] time=5 mass=0.269274 tv=0.058632
06:48:36.659491 [NF_DEBUG] tick loop entered
06:48:36.659945 [network_field] time=6 mass=0.268473 tv=0.057736
06:48:36.660338 [NF_DEBUG] tick loop entered
06:48:36.660700 [network_field] time=7 mass=0.267909 tv=0.057022
06:48:36.661037 [NF_DEBUG] tick loop entered
06:48:36.661566 [network_field] time=8 mass=0.267537 tv=0.056460
06:48:36.661972 [NF_DEBUG] tick loop entered
06:48:36.662379 [network_field] time=9 mass=0.267318 tv=0.056027
06:48:36.662787 [NF_DEBUG] tick loop entered
06:48:36.663346 [network_field] time=10 mass=0.267221 tv=0.055700
06:48:36.664011 [NF_DEBUG] tick loop entered
06:48:36.664596 [NF_DEBUG] tick loop entered
06:48:36.665701 [network_field] time=11 mass=0.267219 tv=0.055462
06:48:36.666389 [NF_DEBUG] tick loop entered
06:48:36.666971 [network_field] time=12 mass=0.267287 tv=0.055295
06:48:36.667514 [NF_DEBUG] tick loop entered
06:48:36.668107 [network_field] time=13 mass=0.267408 tv=0.055186
06:48:36.668704 [NF_DEBUG] tick loop entered
06:48:36.669296 [NF_DEBUG] tick loop entered
06:48:36.669889 [network_field] time=14 mass=0.267566 tv=0.055122
06:48:36.670503 [NF_DEBUG] tick loop entered
06:48:36.670874 [network_field] time=15 mass=0.267748 tv=0.055098
06:48:36.671206 [NF_DEBUG] tick loop entered
06:48:36.671537 [network_field] time=16 mass=0.267944 tv=0.055103
06:48:36.671869 [NF_DEBUG] tick loop entered
06:48:36.672195 [NF_DEBUG] tick loop entered
06:48:36.672521 [NF_DEBUG] tick loop entered
06:48:36.672852 [network_field] time=17 mass=0.268147 tv=0.055128
06:48:36.673184 [NF_DEBUG] tick loop entered
06:48:36.673470 [NF_DEBUG] tick loop entered
06:48:36.673807 [NF_DEBUG] tick loop entered
06:48:36.674139 [network_field] time=18 mass=0.268349 tv=0.055167
06:48:36.674443 [NF_DEBUG] tick loop entered
06:48:36.674785 [NF_DEBUG] tick loop entered
06:48:36.675110 [NF_DEBUG] tick loop entered
06:48:36.675454 [network_field] time=19 mass=0.268547 tv=0.055214
06:48:36.675780 [NF_DEBUG] tick loop entered
06:48:36.676096 [network_field] time=20 mass=0.268737 tv=0.055267
06:48:36.676392 [NF_DEBUG] tick loop entered
06:48:36.676643 [network_field] time=21 mass=0.268917 tv=0.055322
06:48:36.676840 [NF_DEBUG] tick loop entered
06:48:36.677106 [network_field] time=22 mass=0.269087 tv=0.055377
06:48:36.677334 [NF_DEBUG] tick loop entered
06:48:36.677536 [network_field] time=23 mass=0.269244 tv=0.055432
06:48:36.677726 [NF_DEBUG] tick loop entered
06:48:36.677926 [network_field] time=24 mass=0.269390 tv=0.055484
06:48:36.678138 [NF_DEBUG] tick loop entered
06:48:36.678366 [network_field] time=25 mass=0.269523 tv=0.055534
06:48:36.678558 [NF_DEBUG] tick loop entered
06:48:36.678795 [network_field] time=26 mass=0.269646 tv=0.055581
06:48:36.679055 [NF_DEBUG] tick loop entered
06:48:36.679286 [network_field] time=27 mass=0.269757 tv=0.055625
06:48:36.679512 [NF_DEBUG] tick loop entered
06:48:36.679709 [network_field] time=28 mass=0.269857 tv=0.055666
06:48:36.680545 [NF_DEBUG] tick loop entered
06:48:36.680782 [network_field] time=29 mass=0.269948 tv=0.055703
06:48:36.681004 [NF_DEBUG] tick loop entered
06:48:36.681224 [network_field] time=30 mass=0.270029 tv=0.055737
06:48:36.681442 [NF_DEBUG] tick loop entered
06:48:36.681660 [network_field] time=31 mass=0.270103 tv=0.055768
06:48:36.681933 [NF_DEBUG] tick loop entered
06:48:36.682338 [network_field] time=32 mass=0.270168 tv=0.055796
06:48:36.682884 [NF_DEBUG] tick loop entered
06:48:36.683142 [network_field] time=33 mass=0.270227 tv=0.055822
06:48:36.683336 [NF_DEBUG] tick loop entered
06:48:36.683538 [network_field] time=34 mass=0.270279 tv=0.055845
06:48:36.683725 [NF_DEBUG] tick loop entered
06:48:36.683914 [network_field] time=35 mass=0.270326 tv=0.055865
06:48:36.684102 [NF_DEBUG] tick loop entered
06:48:36.684308 [network_field] time=36 mass=0.270367 tv=0.055884
06:48:36.684575 [NF_DEBUG] tick loop entered
06:48:36.684854 [network_field] time=37 mass=0.270404 tv=0.055900
06:48:36.685097 [NF_DEBUG] tick loop entered
06:48:36.685297 [network_field] time=38 mass=0.270436 tv=0.055915
06:48:36.685489 [NF_DEBUG] tick loop entered
06:48:36.685687 [NF_DEBUG] tick loop entered
06:48:36.685884 [network_field] time=39 mass=0.270465 tv=0.055928
06:48:36.686080 [NF_DEBUG] tick loop entered
06:48:36.686286 [network_field] time=40 mass=0.270490 tv=0.055939
06:48:36.686505 [NF_DEBUG] tick loop entered
06:48:36.686722 [network_field] time=41 mass=0.270513 tv=0.055950
06:48:36.686938 [NF_DEBUG] tick loop entered
06:48:36.687149 [NF_DEBUG] tick loop entered
06:48:36.687351 [NF_DEBUG] tick loop entered
06:48:36.687564 [NF_DEBUG] tick loop entered
06:48:36.687773 [network_field] time=42 mass=0.270533 tv=0.055959
06:48:36.687980 [NF_DEBUG] tick loop entered
06:48:36.688186 [NF_DEBUG] tick loop entered
06:48:36.688398 [network_field] time=43 mass=0.270550 tv=0.055967
06:48:36.688671 [NF_DEBUG] tick loop entered
06:48:36.688897 [network_field] time=44 mass=0.270565 tv=0.055974
06:48:36.689129 [NF_DEBUG] tick loop entered
06:48:36.689337 [network_field] time=45 mass=0.270579 tv=0.055980
06:48:36.689530 [NF_DEBUG] tick loop entered
06:48:36.689709 [NF_DEBUG] tick loop entered
06:48:36.689893 [network_field] time=46 mass=0.270591 tv=0.055986
06:48:36.690073 [NF_DEBUG] tick loop entered
06:48:36.690332 [network_field] time=47 mass=0.270601 tv=0.055991
06:48:36.690541 [NF_DEBUG] tick loop entered
06:48:36.690724 [network_field] time=48 mass=0.270610 tv=0.055995
06:48:36.690902 [NF_DEBUG] tick loop entered
06:48:36.691083 [network_field] time=49 mass=0.270618 tv=0.055999
06:48:36.691260 [NF_DEBUG] tick loop entered
06:48:36.691447 [network_field] time=50 mass=0.276186 tv=0.056375
06:48:36.691660 [NF_DEBUG] tick loop entered
06:48:36.691842 [network_field] time=51 mass=0.281451 tv=0.056890
06:48:36.692019 [NF_DEBUG] tick loop entered
06:48:36.692198 [network_field] time=52 mass=0.286441 tv=0.057481
06:48:36.692375 [NF_DEBUG] tick loop entered
06:48:36.692553 [network_field] time=53 mass=0.291178 tv=0.058112
06:48:36.692732 [NF_DEBUG] tick loop entered
06:48:36.692910 [network_field] time=54 mass=0.295675 tv=0.058760
06:48:36.693099 [NF_DEBUG] tick loop entered
06:48:36.693274 [NF_DEBUG] tick loop entered
06:48:36.693449 [network_field] time=55 mass=0.299946 tv=0.059414
06:48:36.693622 [NF_DEBUG] tick loop entered
06:48:36.693798 [network_field] time=56 mass=0.304001 tv=0.060066
06:48:36.693972 [NF_DEBUG] tick loop entered
06:48:36.694145 [NF_DEBUG] tick loop entered
06:48:36.694320 [network_field] time=57 mass=0.307849 tv=0.060712
06:48:36.694504 [NF_DEBUG] tick loop entered
06:48:36.694764 [network_field] time=58 mass=0.311497 tv=0.061350
06:48:36.694987 [NF_DEBUG] tick loop entered
06:48:38.654995 [scenario] tick=12 id=burst-frontend phase=ramp svc=frontend metric=RequestRate factor=1.52 depth=3 prop_delay_est=11.38ms
06:48:38.655704 [coupler] svc=frontend window_queue_baseline=0.000 window_latency_persisted=15.000 demand_memory_factor=141.717 propagation_stage=0 variance=0.000
06:48:38.657188 [physics] svc=frontend queue_next=0.000 effective_service_rate=666.667 latency_feedback=1.000 propagation_delay_stage=0
06:48:38.658038 [observer] svc=frontend queue_velocity=0.000 utilisation_gradient=9.875 disturbance_energy=10.062 stability_score=0.000
06:48:38.658577 [control] svc=frontend bare_out=0.550 recovery_incentive=0.000 stability_margin=0.797 predicted_relief_ms=0 adjusted_limit=2.179 stiction=0
06:48:38.659265 [hub] marshal error: json: unsupported value: +Inf
06:48:38.659362 [NF_DEBUG] tick loop entered
06:48:38.660258 [network_field] time=0 mass=0.314953 tv=0.061977
06:48:38.660705 [NF_DEBUG] tick loop entered
06:48:38.661218 [network_field] time=1 mass=0.318223 tv=0.062594
06:48:38.661753 [NF_DEBUG] tick loop entered
06:48:38.660648 [actuator] EXECUTED id=tick-12-svc-frontend svc=frontend limit=2.18 latency=1.365968ms tick=12
06:48:38.662421 [network_field] time=2 mass=0.321314 tv=0.063200
06:48:38.663636 [NF_DEBUG] tick loop entered
06:48:38.664304 [network_field] time=3 mass=0.324232 tv=0.063796
06:48:38.664698 [NF_DEBUG] tick loop entered
06:48:38.665736 [network_field] time=4 mass=0.326982 tv=0.064381
06:48:38.666724 [NF_DEBUG] tick loop entered
06:48:38.667459 [network_field] time=5 mass=0.329571 tv=0.064954
06:48:38.668231 [NF_DEBUG] tick loop entered
06:48:38.669041 [network_field] time=6 mass=0.332002 tv=0.065517
06:48:38.669647 [NF_DEBUG] tick loop entered
06:48:38.670249 [network_field] time=7 mass=0.334283 tv=0.066068
06:48:38.671262 [NF_DEBUG] tick loop entered
06:48:38.671568 [network_field] time=8 mass=0.336417 tv=0.066607
06:48:38.672031 [NF_DEBUG] tick loop entered
06:48:38.672340 [network_field] time=9 mass=0.338410 tv=0.067133
06:48:38.672748 [NF_DEBUG] tick loop entered
06:48:38.673138 [network_field] time=10 mass=0.340267 tv=0.067644
06:48:38.673357 [NF_DEBUG] tick loop entered
06:48:38.673607 [network_field] time=11 mass=0.341993 tv=0.068139
06:48:38.673896 [NF_DEBUG] tick loop entered
06:48:38.674224 [network_field] time=12 mass=0.343594 tv=0.068616
06:48:38.674606 [NF_DEBUG] tick loop entered
06:48:38.674994 [network_field] time=13 mass=0.345075 tv=0.069073
06:48:38.675376 [NF_DEBUG] tick loop entered
06:48:38.675719 [network_field] time=14 mass=0.346441 tv=0.069510
06:48:38.676026 [NF_DEBUG] tick loop entered
06:48:38.676346 [network_field] time=15 mass=0.347699 tv=0.069926
06:48:38.676607 [NF_DEBUG] tick loop entered
06:48:38.676940 [network_field] time=16 mass=0.348854 tv=0.070319
06:48:38.677215 [NF_DEBUG] tick loop entered
06:48:38.677493 [network_field] time=17 mass=0.349912 tv=0.070690
06:48:38.678376 [NF_DEBUG] tick loop entered
06:48:38.678633 [network_field] time=18 mass=0.350878 tv=0.071037
06:48:38.678860 [NF_DEBUG] tick loop entered
06:48:38.679082 [network_field] time=19 mass=0.351759 tv=0.071361
06:48:38.679366 [NF_DEBUG] tick loop entered
06:48:38.679634 [network_field] time=20 mass=0.352561 tv=0.071662
06:48:38.679904 [NF_DEBUG] tick loop entered
06:48:38.680105 [network_field] time=21 mass=0.353288 tv=0.071942
06:48:38.680285 [NF_DEBUG] tick loop entered
06:48:38.680478 [network_field] time=22 mass=0.353947 tv=0.072199
06:48:38.680734 [NF_DEBUG] tick loop entered
06:48:38.681206 [network_field] time=23 mass=0.354542 tv=0.072436
06:48:38.681890 [NF_DEBUG] tick loop entered
06:48:38.682472 [network_field] time=24 mass=0.355079 tv=0.072653
06:48:38.683091 [NF_DEBUG] tick loop entered
06:48:38.683405 [network_field] time=25 mass=0.355562 tv=0.072851
06:48:38.683605 [NF_DEBUG] tick loop entered
06:48:38.684068 [network_field] time=26 mass=0.355997 tv=0.073031
06:48:38.684554 [NF_DEBUG] tick loop entered
06:48:38.684893 [network_field] time=27 mass=0.356387 tv=0.073195
06:48:38.685339 [NF_DEBUG] tick loop entered
06:48:38.685584 [network_field] time=28 mass=0.356736 tv=0.073344
06:48:38.685793 [NF_DEBUG] tick loop entered
06:48:38.685989 [NF_DEBUG] tick loop entered
06:48:38.686196 [network_field] time=29 mass=0.357048 tv=0.073478
06:48:38.686398 [NF_DEBUG] tick loop entered
06:48:38.686573 [network_field] time=30 mass=0.357327 tv=0.073599
06:48:38.686741 [NF_DEBUG] tick loop entered
06:48:38.686989 [NF_DEBUG] tick loop entered
06:48:38.687282 [NF_DEBUG] tick loop entered
06:48:38.687567 [network_field] time=31 mass=0.357576 tv=0.073709
06:48:38.687786 [NF_DEBUG] tick loop entered
06:48:38.687996 [network_field] time=32 mass=0.357798 tv=0.073806
06:48:38.688190 [NF_DEBUG] tick loop entered
06:48:38.688399 [NF_DEBUG] tick loop entered
06:48:38.688612 [NF_DEBUG] tick loop entered
06:48:38.688822 [network_field] time=33 mass=0.357995 tv=0.073894
06:48:38.689037 [NF_DEBUG] tick loop entered
06:48:38.689221 [network_field] time=34 mass=0.358170 tv=0.073973
06:48:38.689424 [NF_DEBUG] tick loop entered
06:48:38.689628 [NF_DEBUG] tick loop entered
06:48:38.689829 [network_field] time=35 mass=0.358326 tv=0.074043
06:48:38.690017 [NF_DEBUG] tick loop entered
06:48:38.690218 [network_field] time=36 mass=0.358464 tv=0.074106
06:48:38.690410 [NF_DEBUG] tick loop entered
06:48:38.690606 [network_field] time=37 mass=0.358586 tv=0.074162
06:48:38.690790 [NF_DEBUG] tick loop entered
06:48:38.690986 [network_field] time=38 mass=0.358694 tv=0.074211
06:48:38.691176 [NF_DEBUG] tick loop entered
06:48:38.691378 [network_field] time=39 mass=0.358790 tv=0.074255
06:48:38.691574 [NF_DEBUG] tick loop entered
06:48:38.691779 [network_field] time=40 mass=0.358874 tv=0.074295
06:48:38.691972 [NF_DEBUG] tick loop entered
06:48:38.692376 [network_field] time=41 mass=0.358949 tv=0.074329
06:48:38.692624 [NF_DEBUG] tick loop entered
06:48:38.692844 [network_field] time=42 mass=0.359015 tv=0.074360
06:48:38.693044 [NF_DEBUG] tick loop entered
06:48:38.693199 [network_field] time=43 mass=0.359073 tv=0.074387
06:48:38.693377 [NF_DEBUG] tick loop entered
06:48:38.693630 [network_field] time=44 mass=0.359124 tv=0.074412
06:48:38.693922 [NF_DEBUG] tick loop entered
06:48:38.694162 [NF_DEBUG] tick loop entered
06:48:38.694369 [NF_DEBUG] tick loop entered
06:48:38.694546 [network_field] time=45 mass=0.359169 tv=0.074433
06:48:38.694722 [NF_DEBUG] tick loop entered
06:48:38.694908 [network_field] time=46 mass=0.359208 tv=0.074452
06:48:38.695075 [NF_DEBUG] tick loop entered
06:48:38.695257 [network_field] time=47 mass=0.359243 tv=0.074468
06:48:38.695428 [NF_DEBUG] tick loop entered
06:48:38.695608 [network_field] time=48 mass=0.359274 tv=0.074483
06:48:38.695779 [NF_DEBUG] tick loop entered
06:48:38.695961 [network_field] time=49 mass=0.359300 tv=0.074496
06:48:38.696131 [NF_DEBUG] tick loop entered
06:48:38.696331 [network_field] time=50 mass=0.363842 tv=0.074810
06:48:38.696516 [NF_DEBUG] tick loop entered
06:48:38.696708 [network_field] time=51 mass=0.368137 tv=0.075236
06:48:38.696889 [NF_DEBUG] tick loop entered
06:48:38.697130 [NF_DEBUG] tick loop entered
06:48:38.697343 [NF_DEBUG] tick loop entered
06:48:38.698260 [network_field] time=52 mass=0.372209 tv=0.075723
06:48:38.698629 [NF_DEBUG] tick loop entered
06:48:38.698853 [NF_DEBUG] tick loop entered
06:48:38.699053 [NF_DEBUG] tick loop entered
06:48:38.700133 [network_field] time=53 mass=0.376074 tv=0.076242
06:48:38.700491 [NF_DEBUG] tick loop entered
06:48:38.701004 [network_field] time=54 mass=0.379746 tv=0.076775
06:48:38.701300 [NF_DEBUG] tick loop entered
06:48:38.701720 [network_field] time=55 mass=0.383234 tv=0.077312
06:48:38.702155 [NF_DEBUG] tick loop entered
06:48:38.702612 [network_field] time=56 mass=0.386546 tv=0.077847
06:48:38.703056 [NF_DEBUG] tick loop entered
06:48:38.703465 [network_field] time=57 mass=0.389691 tv=0.078376
06:48:38.703992 [NF_DEBUG] tick loop entered
06:48:38.704324 [network_field] time=58 mass=0.392674 tv=0.078899
06:48:38.704644 [NF_DEBUG] tick loop entered
06:48:40.660152 [scenario] tick=13 id=burst-frontend phase=ramp svc=frontend metric=RequestRate factor=1.77 depth=3 prop_delay_est=13.24ms
06:48:40.661003 [coupler] svc=frontend window_queue_baseline=0.000 window_latency_persisted=15.000 demand_memory_factor=166.091 propagation_stage=1 variance=0.000
06:48:40.661756 [physics] svc=frontend queue_next=0.000 effective_service_rate=666.667 latency_feedback=1.000 propagation_delay_stage=0
06:48:40.664385 [observer] svc=frontend queue_velocity=0.000 utilisation_gradient=12.795 disturbance_energy=26.061 stability_score=0.000
06:48:40.665342 [control] svc=frontend bare_out=0.400 recovery_incentive=0.000 stability_margin=0.760 predicted_relief_ms=0 adjusted_limit=2.246 stiction=0
06:48:40.666195 [hub] marshal error: json: unsupported value: +Inf
06:48:40.666308 [NF_DEBUG] tick loop entered
06:48:40.667498 [network_field] time=0 mass=0.395501 tv=0.079414
06:48:40.668226 [NF_DEBUG] tick loop entered
06:48:40.668861 [network_field] time=1 mass=0.398178 tv=0.079920
06:48:40.667442 [actuator] EXECUTED id=tick-13-svc-frontend svc=frontend limit=2.25 latency=1.357004ms tick=13
06:48:40.669221 [NF_DEBUG] tick loop entered
06:48:40.670090 [network_field] time=2 mass=0.400710 tv=0.080417
06:48:40.670528 [NF_DEBUG] tick loop entered
06:48:40.670960 [network_field] time=3 mass=0.403102 tv=0.080905
06:48:40.671390 [NF_DEBUG] tick loop entered
06:48:40.671796 [network_field] time=4 mass=0.405358 tv=0.081385
06:48:40.672251 [NF_DEBUG] tick loop entered
06:48:40.672638 [network_field] time=5 mass=0.407482 tv=0.081855
06:48:40.672903 [NF_DEBUG] tick loop entered
06:48:40.673173 [network_field] time=6 mass=0.409480 tv=0.082317
06:48:40.673431 [NF_DEBUG] tick loop entered
06:48:40.673685 [NF_DEBUG] tick loop entered
06:48:40.673960 [NF_DEBUG] tick loop entered
06:48:40.674297 [network_field] time=7 mass=0.411356 tv=0.082770
06:48:40.674684 [NF_DEBUG] tick loop entered
06:48:40.675058 [network_field] time=8 mass=0.413113 tv=0.083212
06:48:40.675453 [NF_DEBUG] tick loop entered
06:48:40.675791 [network_field] time=9 mass=0.414755 tv=0.083644
06:48:40.676058 [NF_DEBUG] tick loop entered
06:48:40.676496 [network_field] time=10 mass=0.416287 tv=0.084065
06:48:40.676697 [NF_DEBUG] tick loop entered
06:48:40.676878 [network_field] time=11 mass=0.417713 tv=0.084472
06:48:40.677107 [NF_DEBUG] tick loop entered
06:48:40.677329 [network_field] time=12 mass=0.419037 tv=0.084866
06:48:40.677561 [NF_DEBUG] tick loop entered
06:48:40.677759 [network_field] time=13 mass=0.420264 tv=0.085244
06:48:40.677955 [NF_DEBUG] tick loop entered
06:48:40.678153 [network_field] time=14 mass=0.421397 tv=0.085606
06:48:40.678348 [NF_DEBUG] tick loop entered
06:48:40.679263 [network_field] time=15 mass=0.422441 tv=0.085950
06:48:40.680033 [NF_DEBUG] tick loop entered
06:48:40.680210 [NF_DEBUG] tick loop entered
06:48:40.680390 [network_field] time=16 mass=0.423402 tv=0.086277
06:48:40.680560 [NF_DEBUG] tick loop entered
06:48:40.680727 [NF_DEBUG] tick loop entered
06:48:40.680894 [network_field] time=17 mass=0.424283 tv=0.086585
06:48:40.681062 [NF_DEBUG] tick loop entered
06:48:40.681228 [network_field] time=18 mass=0.425090 tv=0.086874
06:48:40.681485 [NF_DEBUG] tick loop entered
06:48:40.681983 [NF_DEBUG] tick loop entered
06:48:40.682176 [network_field] time=19 mass=0.425826 tv=0.087145
06:48:40.682345 [NF_DEBUG] tick loop entered
06:48:40.682502 [NF_DEBUG] tick loop entered
06:48:40.682789 [network_field] time=20 mass=0.426497 tv=0.087397
06:48:40.683000 [NF_DEBUG] tick loop entered
06:48:40.683174 [network_field] time=21 mass=0.427106 tv=0.087631
06:48:40.683330 [NF_DEBUG] tick loop entered
06:48:40.683485 [network_field] time=22 mass=0.427659 tv=0.087848
06:48:40.683637 [NF_DEBUG] tick loop entered
06:48:40.683799 [network_field] time=23 mass=0.428160 tv=0.088047
06:48:40.683954 [NF_DEBUG] tick loop entered
06:48:40.684188 [network_field] time=24 mass=0.428613 tv=0.088230
06:48:40.684503 [NF_DEBUG] tick loop entered
06:48:40.684686 [network_field] time=25 mass=0.429021 tv=0.088398
06:48:40.684821 [NF_DEBUG] tick loop entered
06:48:40.684976 [network_field] time=26 mass=0.429388 tv=0.088551
06:48:40.685096 [NF_DEBUG] tick loop entered
06:48:40.685273 [network_field] time=27 mass=0.429718 tv=0.088690
06:48:40.685427 [NF_DEBUG] tick loop entered
06:48:40.685585 [network_field] time=28 mass=0.430015 tv=0.088816
06:48:40.685757 [NF_DEBUG] tick loop entered
06:48:40.685934 [network_field] time=29 mass=0.430280 tv=0.088931
06:48:40.686096 [NF_DEBUG] tick loop entered
06:48:40.686254 [network_field] time=30 mass=0.430518 tv=0.089034
06:48:40.686407 [NF_DEBUG] tick loop entered
06:48:40.686561 [NF_DEBUG] tick loop entered
06:48:40.686716 [network_field] time=31 mass=0.430730 tv=0.089128
06:48:40.686873 [NF_DEBUG] tick loop entered
06:48:40.687028 [network_field] time=32 mass=0.430919 tv=0.089212
06:48:40.687184 [NF_DEBUG] tick loop entered
06:48:40.687336 [network_field] time=33 mass=0.431088 tv=0.089287
06:48:40.687491 [NF_DEBUG] tick loop entered
06:48:40.687660 [NF_DEBUG] tick loop entered
06:48:40.687825 [network_field] time=34 mass=0.431239 tv=0.089355
06:48:40.687980 [NF_DEBUG] tick loop entered
06:48:40.688133 [network_field] time=35 mass=0.431372 tv=0.089415
06:48:40.688288 [NF_DEBUG] tick loop entered
06:48:40.688443 [network_field] time=36 mass=0.431491 tv=0.089469
06:48:40.688598 [NF_DEBUG] tick loop entered
06:48:40.688752 [network_field] time=37 mass=0.431596 tv=0.089518
06:48:40.689802 [NF_DEBUG] tick loop entered
06:48:40.690023 [NF_DEBUG] tick loop entered
06:48:40.690233 [NF_DEBUG] tick loop entered
06:48:40.690431 [network_field] time=38 mass=0.431690 tv=0.089561
06:48:40.690605 [NF_DEBUG] tick loop entered
06:48:40.690770 [network_field] time=39 mass=0.431772 tv=0.089599
06:48:40.690932 [NF_DEBUG] tick loop entered
06:48:40.691111 [network_field] time=40 mass=0.431846 tv=0.089633
06:48:40.691271 [NF_DEBUG] tick loop entered
06:48:40.691432 [NF_DEBUG] tick loop entered
06:48:40.691590 [NF_DEBUG] tick loop entered
06:48:40.691748 [network_field] time=41 mass=0.431910 tv=0.089664
06:48:40.691913 [NF_DEBUG] tick loop entered
06:48:40.692075 [NF_DEBUG] tick loop entered
06:48:40.692240 [network_field] time=42 mass=0.431968 tv=0.089691
06:48:40.692402 [NF_DEBUG] tick loop entered
06:48:40.692563 [NF_DEBUG] tick loop entered
06:48:40.692727 [NF_DEBUG] tick loop entered
06:48:40.692889 [network_field] time=43 mass=0.432018 tv=0.089714
06:48:40.693053 [NF_DEBUG] tick loop entered
06:48:40.693213 [network_field] time=44 mass=0.432063 tv=0.089736
06:48:40.693371 [NF_DEBUG] tick loop entered
06:48:40.693528 [network_field] time=45 mass=0.432102 tv=0.089754
06:48:40.693685 [NF_DEBUG] tick loop entered
06:48:40.693845 [network_field] time=46 mass=0.432137 tv=0.089771
06:48:40.694003 [NF_DEBUG] tick loop entered
06:48:40.694159 [NF_DEBUG] tick loop entered
06:48:40.694320 [network_field] time=47 mass=0.432167 tv=0.089785
06:48:40.694478 [NF_DEBUG] tick loop entered
06:48:40.694636 [network_field] time=48 mass=0.432194 tv=0.089798
06:48:40.694793 [NF_DEBUG] tick loop entered
06:48:40.694950 [network_field] time=49 mass=0.432218 tv=0.089810
06:48:40.695155 [NF_DEBUG] tick loop entered
06:48:40.695321 [NF_DEBUG] tick loop entered
06:48:40.695490 [network_field] time=50 mass=0.436683 tv=0.090118
06:48:40.695652 [NF_DEBUG] tick loop entered
06:48:40.695816 [network_field] time=51 mass=0.440908 tv=0.090536
06:48:40.696009 [NF_DEBUG] tick loop entered
06:48:40.696440 [network_field] time=52 mass=0.444915 tv=0.091015
06:48:40.696596 [NF_DEBUG] tick loop entered
06:48:40.696720 [network_field] time=53 mass=0.448720 tv=0.091525
06:48:40.696840 [NF_DEBUG] tick loop entered
06:48:40.696992 [network_field] time=54 mass=0.452336 tv=0.092049
06:48:40.697138 [NF_DEBUG] tick loop entered
06:48:40.697288 [NF_DEBUG] tick loop entered
06:48:40.697435 [NF_DEBUG] tick loop entered
06:48:40.697581 [network_field] time=55 mass=0.455772 tv=0.092578
06:48:40.697725 [NF_DEBUG] tick loop entered
06:48:40.697870 [NF_DEBUG] tick loop entered
06:48:40.698016 [network_field] time=56 mass=0.459038 tv=0.093105
06:48:40.698160 [NF_DEBUG] tick loop entered
06:48:40.698306 [network_field] time=57 mass=0.462140 tv=0.093627
06:48:40.698459 [NF_DEBUG] tick loop entered
06:48:40.698614 [network_field] time=58 mass=0.465085 tv=0.094142
06:48:40.698767 [NF_DEBUG] tick loop entered
06:48:40.698922 [network_field] time=59 mass=0.467877 tv=0.094650
06:48:40.699076 [NF_DEBUG] tick loop entered
06:48:40.699226 [NF_DEBUG] tick loop entered
06:48:40.699382 [network_field] time=60 mass=0.470523 tv=0.095149
06:48:40.699534 [NF_DEBUG] tick loop entered
06:48:40.699697 [NF_DEBUG] tick loop entered
06:48:40.699876 [network_field] time=61 mass=0.473027 tv=0.095640
06:48:40.700069 [NF_DEBUG] tick loop entered
06:48:40.700228 [network_field] time=62 mass=0.475394 tv=0.096122
06:48:40.700359 [NF_DEBUG] tick loop entered
06:48:40.700533 [network_field] time=63 mass=0.477629 tv=0.096596
06:48:40.700695 [NF_DEBUG] tick loop entered
06:48:40.700854 [network_field] time=64 mass=0.479735 tv=0.097062
06:48:40.701005 [NF_DEBUG] tick loop entered
06:48:40.701175 [network_field] time=65 mass=0.481717 tv=0.097518
06:48:40.701342 [NF_DEBUG] tick loop entered
06:48:40.701489 [network_field] time=66 mass=0.483579 tv=0.097966
06:48:40.701639 [NF_DEBUG] tick loop entered
06:48:40.701798 [network_field] time=67 mass=0.485326 tv=0.098405
06:48:40.701949 [NF_DEBUG] tick loop entered
06:48:40.702102 [network_field] time=68 mass=0.486960 tv=0.098834
06:48:40.702261 [NF_DEBUG] tick loop entered
06:48:40.702408 [NF_DEBUG] tick loop entered
06:48:40.702563 [NF_DEBUG] tick loop entered
06:48:40.702720 [network_field] time=69 mass=0.488486 tv=0.099251
06:48:40.702877 [NF_DEBUG] tick loop entered
06:48:40.703019 [network_field] time=70 mass=0.489908 tv=0.099656
06:48:40.703175 [NF_DEBUG] tick loop entered
06:48:40.703332 [NF_DEBUG] tick loop entered
06:48:40.703483 [network_field] time=71 mass=0.491230 tv=0.100047
06:48:40.703638 [NF_DEBUG] tick loop entered
06:48:40.703786 [NF_DEBUG] tick loop entered
06:48:40.703945 [network_field] time=72 mass=0.492456 tv=0.100424
06:48:40.704099 [NF_DEBUG] tick loop entered
06:48:40.704257 [network_field] time=73 mass=0.493591 tv=0.100785
06:48:40.704395 [NF_DEBUG] tick loop entered
06:48:40.704549 [NF_DEBUG] tick loop entered
06:48:40.704703 [NF_DEBUG] tick loop entered
06:48:40.704845 [network_field] time=74 mass=0.494638 tv=0.101130
06:48:40.704992 [NF_DEBUG] tick loop entered
06:48:40.705144 [network_field] time=75 mass=0.495603 tv=0.101457
06:48:40.705304 [NF_DEBUG] tick loop entered
06:48:40.705426 [network_field] time=76 mass=0.496488 tv=0.101766
06:48:40.705580 [NF_DEBUG] tick loop entered
06:48:40.705726 [network_field] time=77 mass=0.497302 tv=0.102057
06:48:40.705873 [NF_DEBUG] tick loop entered
06:48:40.706028 [network_field] time=78 mass=0.498047 tv=0.102330
06:48:40.706182 [NF_DEBUG] tick loop entered
06:48:40.706336 [NF_DEBUG] tick loop entered
06:48:40.706490 [NF_DEBUG] tick loop entered
06:48:40.706645 [network_field] time=79 mass=0.498727 tv=0.102585
06:48:40.706800 [NF_DEBUG] tick loop entered
06:48:40.706954 [network_field] time=80 mass=0.499346 tv=0.102821
06:48:40.707103 [NF_DEBUG] tick loop entered
06:48:40.707251 [NF_DEBUG] tick loop entered
06:48:40.707397 [network_field] time=81 mass=0.499909 tv=0.103041
06:48:40.707551 [NF_DEBUG] tick loop entered
06:48:40.707699 [NF_DEBUG] tick loop entered
06:48:40.707857 [network_field] time=82 mass=0.500419 tv=0.103243
06:48:40.708008 [NF_DEBUG] tick loop entered
06:48:40.708162 [network_field] time=83 mass=0.500880 tv=0.103430
06:48:40.708314 [NF_DEBUG] tick loop entered
06:48:40.708464 [network_field] time=84 mass=0.501296 tv=0.103600
06:48:40.708616 [NF_DEBUG] tick loop entered
06:48:40.708767 [NF_DEBUG] tick loop entered
06:48:40.708918 [NF_DEBUG] tick loop entered
06:48:40.709087 [network_field] time=85 mass=0.501671 tv=0.103757
06:48:40.709240 [NF_DEBUG] tick loop entered
06:48:40.709391 [network_field] time=86 mass=0.502009 tv=0.103899
06:48:40.709539 [NF_DEBUG] tick loop entered
06:48:40.709690 [network_field] time=87 mass=0.502312 tv=0.104029
06:48:40.709840 [NF_DEBUG] tick loop entered
06:48:40.709989 [network_field] time=88 mass=0.502584 tv=0.104147
06:48:40.710141 [NF_DEBUG] tick loop entered
06:48:40.710291 [NF_DEBUG] tick loop entered
06:48:42.667496 [scenario] tick=14 id=burst-frontend phase=ramp svc=frontend metric=RequestRate factor=2.00 depth=3 prop_delay_est=15.00ms
06:48:42.668361 [coupler] svc=frontend window_queue_baseline=0.000 window_latency_persisted=15.000 demand_memory_factor=189.827 propagation_stage=2 variance=0.000
06:48:42.669156 [physics] svc=frontend queue_next=0.000 effective_service_rate=666.667 latency_feedback=1.000 propagation_delay_stage=0
06:48:42.669761 [observer] svc=frontend queue_velocity=0.000 utilisation_gradient=15.013 disturbance_energy=67.498 stability_score=0.000
06:48:42.670254 [control] svc=frontend bare_out=0.250 recovery_incentive=0.000 stability_margin=0.724 predicted_relief_ms=0 adjusted_limit=2.282 stiction=0
06:48:42.670915 [hub] marshal error: json: unsupported value: +Inf
06:48:42.671139 [NF_DEBUG] tick loop entered
06:48:42.671986 [network_field] time=0 mass=0.502828 tv=0.104253
06:48:42.672458 [NF_DEBUG] tick loop entered
06:48:42.672982 [NF_DEBUG] tick loop entered
06:48:42.673467 [network_field] time=1 mass=0.503046 tv=0.104350
06:48:42.672328 [actuator] EXECUTED id=tick-14-svc-frontend svc=frontend limit=2.28 latency=1.440755ms tick=14
06:48:42.674512 [NF_DEBUG] tick loop entered
06:48:42.675519 [network_field] time=2 mass=0.503241 tv=0.104437
06:48:42.675979 [NF_DEBUG] tick loop entered
06:48:42.676380 [network_field] time=3 mass=0.503415 tv=0.104515
06:48:42.676880 [NF_DEBUG] tick loop entered
06:48:42.677130 [network_field] time=4 mass=0.503570 tv=0.104585
06:48:42.677397 [NF_DEBUG] tick loop entered
06:48:42.677699 [NF_DEBUG] tick loop entered
06:48:42.677984 [network_field] time=5 mass=0.503708 tv=0.104648
06:48:42.678273 [NF_DEBUG] tick loop entered
06:48:42.679615 [network_field] time=6 mass=0.503830 tv=0.104705
06:48:42.680209 [NF_DEBUG] tick loop entered
06:48:42.680802 [network_field] time=7 mass=0.503939 tv=0.104755
06:48:42.681491 [NF_DEBUG] tick loop entered
06:48:42.681897 [network_field] time=8 mass=0.504036 tv=0.104800
06:48:42.682326 [NF_DEBUG] tick loop entered
06:48:42.682580 [network_field] time=9 mass=0.504122 tv=0.104840
06:48:42.682843 [NF_DEBUG] tick loop entered
06:48:42.683092 [NF_DEBUG] tick loop entered
06:48:42.683334 [network_field] time=10 mass=0.504198 tv=0.104876
06:48:42.683547 [NF_DEBUG] tick loop entered
06:48:42.683790 [NF_DEBUG] tick loop entered
06:48:42.683984 [network_field] time=11 mass=0.504265 tv=0.104908
06:48:42.684226 [NF_DEBUG] tick loop entered
06:48:42.684418 [NF_DEBUG] tick loop entered
06:48:42.684591 [network_field] time=12 mass=0.504325 tv=0.104937
06:48:42.684773 [NF_DEBUG] tick loop entered
06:48:42.684948 [network_field] time=13 mass=0.504377 tv=0.104962
06:48:42.685108 [NF_DEBUG] tick loop entered
06:48:42.685297 [network_field] time=14 mass=0.504424 tv=0.104984
06:48:42.685467 [NF_DEBUG] tick loop entered
06:48:42.685633 [NF_DEBUG] tick loop entered
06:48:42.685799 [NF_DEBUG] tick loop entered
06:48:42.685963 [network_field] time=15 mass=0.504465 tv=0.105004
06:48:42.686125 [NF_DEBUG] tick loop entered
06:48:42.686287 [NF_DEBUG] tick loop entered
06:48:42.686447 [network_field] time=16 mass=0.504501 tv=0.105022
06:48:42.686608 [NF_DEBUG] tick loop entered
06:48:42.686769 [network_field] time=17 mass=0.504533 tv=0.105037
06:48:42.686931 [NF_DEBUG] tick loop entered
06:48:42.687082 [network_field] time=18 mass=0.504561 tv=0.105051
06:48:42.687244 [NF_DEBUG] tick loop entered
06:48:42.687404 [NF_DEBUG] tick loop entered
06:48:42.687586 [network_field] time=19 mass=0.504586 tv=0.105063
06:48:42.687749 [NF_DEBUG] tick loop entered
06:48:42.688525 [NF_DEBUG] tick loop entered
06:48:42.688687 [network_field] time=20 mass=0.504608 tv=0.105074
06:48:42.688848 [NF_DEBUG] tick loop entered
06:48:42.689007 [network_field] time=21 mass=0.504627 tv=0.105083
06:48:42.689161 [NF_DEBUG] tick loop entered
06:48:42.689366 [NF_DEBUG] tick loop entered
06:48:42.689520 [NF_DEBUG] tick loop entered
06:48:42.689675 [network_field] time=22 mass=0.504644 tv=0.105092
06:48:42.689831 [NF_DEBUG] tick loop entered
06:48:42.689986 [network_field] time=23 mass=0.504659 tv=0.105099
06:48:42.690138 [NF_DEBUG] tick loop entered
06:48:42.690294 [network_field] time=24 mass=0.504672 tv=0.105106
06:48:42.690449 [NF_DEBUG] tick loop entered
06:48:42.690607 [NF_DEBUG] tick loop entered
06:48:42.690765 [network_field] time=25 mass=0.504684 tv=0.105111
06:48:42.690924 [NF_DEBUG] tick loop entered
06:48:42.691077 [network_field] time=26 mass=0.504694 tv=0.105116
06:48:42.691233 [NF_DEBUG] tick loop entered
06:48:42.691390 [network_field] time=27 mass=0.504703 tv=0.105121
06:48:42.691546 [NF_DEBUG] tick loop entered
06:48:42.691700 [NF_DEBUG] tick loop entered
06:48:42.691858 [network_field] time=28 mass=0.504711 tv=0.105125
06:48:42.692015 [NF_DEBUG] tick loop entered
06:48:42.692168 [network_field] time=29 mass=0.504718 tv=0.105128
06:48:42.692324 [NF_DEBUG] tick loop entered
06:48:42.692478 [NF_DEBUG] tick loop entered
06:48:42.692643 [NF_DEBUG] tick loop entered
06:48:42.692811 [network_field] time=30 mass=0.504724 tv=0.105131
06:48:42.692970 [NF_DEBUG] tick loop entered
06:48:42.693093 [network_field] time=31 mass=0.504729 tv=0.105134
06:48:42.693252 [NF_DEBUG] tick loop entered
06:48:42.693412 [network_field] time=32 mass=0.504733 tv=0.105136
06:48:42.693570 [NF_DEBUG] tick loop entered
06:48:42.693727 [NF_DEBUG] tick loop entered
06:48:42.693882 [NF_DEBUG] tick loop entered
06:48:42.694041 [network_field] time=33 mass=0.504738 tv=0.105138
06:48:42.694675 [NF_DEBUG] tick loop entered
06:48:42.695039 [NF_DEBUG] tick loop entered
06:48:42.695338 [network_field] time=34 mass=0.504741 tv=0.105140
06:48:42.695679 [NF_DEBUG] tick loop entered
06:48:42.695855 [NF_DEBUG] tick loop entered
06:48:42.696021 [network_field] time=35 mass=0.504744 tv=0.105142
06:48:42.696185 [NF_DEBUG] tick loop entered
06:48:42.696342 [network_field] time=36 mass=0.504747 tv=0.105143
06:48:42.696499 [NF_DEBUG] tick loop entered
06:48:42.696661 [network_field] time=37 mass=0.504749 tv=0.105144
06:48:42.696819 [NF_DEBUG] tick loop entered
06:48:42.696982 [network_field] time=38 mass=0.504751 tv=0.105145
06:48:42.697145 [NF_DEBUG] tick loop entered
06:48:42.697310 [network_field] time=39 mass=0.504753 tv=0.105146
06:48:42.697472 [NF_DEBUG] tick loop entered
06:48:42.697636 [network_field] time=40 mass=0.504755 tv=0.105147
06:48:42.697795 [NF_DEBUG] tick loop entered
06:48:42.697958 [network_field] time=41 mass=0.504756 tv=0.105148
06:48:42.698122 [NF_DEBUG] tick loop entered
06:48:42.698340 [network_field] time=42 mass=0.504758 tv=0.105148
06:48:42.698574 [NF_DEBUG] tick loop entered
06:48:42.698786 [network_field] time=43 mass=0.504759 tv=0.105149
06:48:42.699015 [NF_DEBUG] tick loop entered
06:48:42.699224 [network_field] time=44 mass=0.504760 tv=0.105149
06:48:42.699446 [NF_DEBUG] tick loop entered
06:48:42.699672 [network_field] time=45 mass=0.504760 tv=0.105150
06:48:42.699920 [NF_DEBUG] tick loop entered
06:48:42.700108 [network_field] time=46 mass=0.504761 tv=0.105150
06:48:42.700351 [NF_DEBUG] tick loop entered
06:48:42.700589 [network_field] time=47 mass=0.504762 tv=0.105151
06:48:42.700838 [NF_DEBUG] tick loop entered
06:48:42.701029 [network_field] time=48 mass=0.504762 tv=0.105151
06:48:42.701227 [NF_DEBUG] tick loop entered
06:48:42.701404 [NF_DEBUG] tick loop entered
06:48:42.701584 [network_field] time=49 mass=0.504763 tv=0.105151
06:48:42.701756 [NF_DEBUG] tick loop entered
06:48:42.701936 [network_field] time=50 mass=0.509100 tv=0.105442
06:48:42.702108 [NF_DEBUG] tick loop entered
06:48:42.702285 [network_field] time=51 mass=0.513207 tv=0.105842
06:48:42.702457 [NF_DEBUG] tick loop entered
06:48:42.702630 [NF_DEBUG] tick loop entered
06:48:42.702801 [network_field] time=52 mass=0.517104 tv=0.106302
06:48:42.702976 [NF_DEBUG] tick loop entered
06:48:42.703148 [network_field] time=53 mass=0.520807 tv=0.106793
06:48:42.703322 [NF_DEBUG] tick loop entered
06:48:42.703494 [network_field] time=54 mass=0.524329 tv=0.107300
06:48:42.703677 [NF_DEBUG] tick loop entered
06:48:42.703849 [network_field] time=55 mass=0.527679 tv=0.107811
06:48:42.704022 [NF_DEBUG] tick loop entered
06:48:42.704193 [network_field] time=56 mass=0.530865 tv=0.108322
06:48:42.704367 [NF_DEBUG] tick loop entered
06:48:42.704539 [network_field] time=57 mass=0.533893 tv=0.108829
06:48:42.704721 [NF_DEBUG] tick loop entered
06:48:42.704891 [network_field] time=58 mass=0.536770 tv=0.109330
06:48:42.705065 [NF_DEBUG] tick loop entered
06:48:42.705269 [network_field] time=59 mass=0.539500 tv=0.109824
06:48:42.705442 [NF_DEBUG] tick loop entered
06:48:42.705620 [network_field] time=60 mass=0.542089 tv=0.110311
06:48:42.705793 [NF_DEBUG] tick loop entered
06:48:42.705964 [network_field] time=61 mass=0.544541 tv=0.110789
06:48:42.706136 [NF_DEBUG] tick loop entered
06:48:42.706373 [network_field] time=62 mass=0.546861 tv=0.111260
06:48:42.706576 [NF_DEBUG] tick loop entered
06:48:42.706755 [NF_DEBUG] tick loop entered
06:48:42.706939 [NF_DEBUG] tick loop entered
06:48:42.707124 [network_field] time=63 mass=0.549053 tv=0.111723
06:48:42.707314 [NF_DEBUG] tick loop entered
06:48:42.707489 [NF_DEBUG] tick loop entered
06:48:42.707681 [network_field] time=64 mass=0.551123 tv=0.112178
06:48:42.707851 [NF_DEBUG] tick loop entered
06:48:42.708033 [network_field] time=65 mass=0.553078 tv=0.112625
06:48:42.708203 [NF_DEBUG] tick loop entered
06:48:42.708378 [NF_DEBUG] tick loop entered
06:48:42.708562 [NF_DEBUG] tick loop entered
06:48:42.708737 [network_field] time=66 mass=0.554919 tv=0.113064
06:48:42.708901 [NF_DEBUG] tick loop entered
06:48:42.709095 [NF_DEBUG] tick loop entered
06:48:42.709275 [network_field] time=67 mass=0.556649 tv=0.113494
06:48:42.709448 [NF_DEBUG] tick loop entered
06:48:42.709630 [network_field] time=68 mass=0.558270 tv=0.113915
06:48:42.709807 [NF_DEBUG] tick loop entered
06:48:42.709987 [network_field] time=69 mass=0.559786 tv=0.114325
06:48:42.710155 [NF_DEBUG] tick loop entered
06:48:42.710740 [network_field] time=70 mass=0.561201 tv=0.114723
06:48:42.710997 [NF_DEBUG] tick loop entered
06:48:42.711243 [network_field] time=71 mass=0.562518 tv=0.115109
06:48:42.711532 [NF_DEBUG] tick loop entered
06:48:42.711846 [network_field] time=72 mass=0.563741 tv=0.115481
06:48:42.712079 [NF_DEBUG] tick loop entered
06:48:42.712317 [NF_DEBUG] tick loop entered
06:48:42.712558 [network_field] time=73 mass=0.564874 tv=0.115838
06:48:42.712741 [NF_DEBUG] tick loop entered
06:48:42.712915 [NF_DEBUG] tick loop entered
06:48:42.713112 [network_field] time=74 mass=0.565921 tv=0.116180
06:48:42.713284 [NF_DEBUG] tick loop entered
06:48:42.713452 [network_field] time=75 mass=0.566887 tv=0.116504
06:48:42.713621 [NF_DEBUG] tick loop entered
06:48:42.713787 [network_field] time=76 mass=0.567776 tv=0.116812
06:48:42.713962 [NF_DEBUG] tick loop entered
06:48:42.714128 [network_field] time=77 mass=0.568591 tv=0.117102
06:48:42.714296 [NF_DEBUG] tick loop entered
06:48:42.714460 [NF_DEBUG] tick loop entered
06:48:42.714628 [NF_DEBUG] tick loop entered
06:48:42.714794 [network_field] time=78 mass=0.569338 tv=0.117374
06:48:42.714962 [NF_DEBUG] tick loop entered
06:48:42.715128 [network_field] time=79 mass=0.570020 tv=0.117629
06:48:42.715296 [NF_DEBUG] tick loop entered
06:48:42.715460 [network_field] time=80 mass=0.570641 tv=0.117866
06:48:42.715632 [NF_DEBUG] tick loop entered
06:48:42.715801 [network_field] time=81 mass=0.571207 tv=0.118086
06:48:42.716015 [NF_DEBUG] tick loop entered
06:48:44.672289 [scenario] tick=15 id=burst-frontend phase=ramp svc=frontend metric=RequestRate factor=2.22 depth=3 prop_delay_est=16.63ms
06:48:44.673775 [coupler] svc=frontend window_queue_baseline=0.000 window_latency_persisted=15.000 demand_memory_factor=212.175 propagation_stage=0 variance=0.000
06:48:44.675068 [physics] svc=frontend queue_next=0.000 effective_service_rate=666.667 latency_feedback=1.000 propagation_delay_stage=0
06:48:44.676287 [observer] svc=frontend queue_velocity=0.000 utilisation_gradient=16.541 disturbance_energy=174.820 stability_score=0.000
06:48:44.677473 [control] svc=frontend bare_out=0.100 recovery_incentive=0.000 stability_margin=0.690 predicted_relief_ms=0 adjusted_limit=2.302 stiction=0
06:48:44.678917 [NF_DEBUG] tick loop entered
06:48:44.679597 [network_field] time=0 mass=0.571720 tv=0.118290
06:48:44.680316 [NF_DEBUG] tick loop entered
06:48:44.681231 [network_field] time=1 mass=0.572186 tv=0.118478
06:48:44.679021 [hub] marshal error: json: unsupported value: +Inf
06:48:44.680438 [actuator] EXECUTED id=tick-15-svc-frontend svc=frontend limit=2.30 latency=1.202086ms tick=15
06:48:44.682046 [NF_DEBUG] tick loop entered
06:48:44.684466 [network_field] time=2 mass=0.572606 tv=0.118650
06:48:44.685012 [NF_DEBUG] tick loop entered
06:48:44.685455 [NF_DEBUG] tick loop entered
06:48:44.685942 [network_field] time=3 mass=0.572986 tv=0.118809
06:48:44.686341 [NF_DEBUG] tick loop entered
06:48:44.686726 [network_field] time=4 mass=0.573329 tv=0.118953
06:48:44.687091 [NF_DEBUG] tick loop entered
06:48:44.687429 [NF_DEBUG] tick loop entered
06:48:44.687775 [network_field] time=5 mass=0.573637 tv=0.119085
06:48:44.688133 [NF_DEBUG] tick loop entered
06:48:44.688798 [network_field] time=6 mass=0.573914 tv=0.119205
06:48:44.689192 [NF_DEBUG] tick loop entered
06:48:44.689566 [network_field] time=7 mass=0.574163 tv=0.119314
06:48:44.689956 [NF_DEBUG] tick loop entered
06:48:44.690277 [network_field] time=8 mass=0.574385 tv=0.119412
06:48:44.690654 [NF_DEBUG] tick loop entered
06:48:44.690933 [network_field] time=9 mass=0.574585 tv=0.119501
06:48:44.691308 [NF_DEBUG] tick loop entered
06:48:44.691601 [NF_DEBUG] tick loop entered
06:48:44.691954 [NF_DEBUG] tick loop entered
06:48:44.692242 [network_field] time=10 mass=0.574763 tv=0.119582
06:48:44.692633 [NF_DEBUG] tick loop entered
06:48:44.692904 [network_field] time=11 mass=0.574922 tv=0.119654
06:48:44.693251 [NF_DEBUG] tick loop entered
06:48:44.693607 [network_field] time=12 mass=0.575064 tv=0.119719
06:48:44.694383 [NF_DEBUG] tick loop entered
06:48:44.694957 [NF_DEBUG] tick loop entered
06:48:44.695493 [network_field] time=13 mass=0.575190 tv=0.119777
06:48:44.696008 [NF_DEBUG] tick loop entered
06:48:44.696467 [NF_DEBUG] tick loop entered
06:48:44.697123 [network_field] time=14 mass=0.575303 tv=0.119830
06:48:44.697693 [NF_DEBUG] tick loop entered
06:48:44.698010 [NF_DEBUG] tick loop entered
06:48:44.698292 [NF_DEBUG] tick loop entered
06:48:44.698605 [network_field] time=15 mass=0.575403 tv=0.119877
06:48:44.698909 [NF_DEBUG] tick loop entered
06:48:44.699158 [network_field] time=16 mass=0.575492 tv=0.119918
06:48:44.699402 [NF_DEBUG] tick loop entered
06:48:44.699628 [network_field] time=17 mass=0.575571 tv=0.119956
06:48:44.699851 [NF_DEBUG] tick loop entered
06:48:44.700065 [NF_DEBUG] tick loop entered
06:48:44.700285 [network_field] time=18 mass=0.575641 tv=0.119989
06:48:44.700524 [NF_DEBUG] tick loop entered
06:48:44.700749 [NF_DEBUG] tick loop entered
06:48:44.700985 [network_field] time=19 mass=0.575703 tv=0.120019
06:48:44.701181 [NF_DEBUG] tick loop entered
06:48:44.701408 [NF_DEBUG] tick loop entered
06:48:44.701635 [network_field] time=20 mass=0.575758 tv=0.120045
06:48:44.701859 [NF_DEBUG] tick loop entered
06:48:44.702082 [network_field] time=21 mass=0.575806 tv=0.120069
06:48:44.702295 [NF_DEBUG] tick loop entered
06:48:44.702500 [network_field] time=22 mass=0.575850 tv=0.120089
06:48:44.702702 [NF_DEBUG] tick loop entered
06:48:44.702915 [NF_DEBUG] tick loop entered
06:48:44.703120 [network_field] time=23 mass=0.575888 tv=0.120108
06:48:44.703332 [NF_DEBUG] tick loop entered
06:48:44.703536 [network_field] time=24 mass=0.575921 tv=0.120124
06:48:44.703738 [NF_DEBUG] tick loop entered
06:48:44.703951 [network_field] time=25 mass=0.575951 tv=0.120139
06:48:44.704153 [NF_DEBUG] tick loop entered
06:48:44.704362 [network_field] time=26 mass=0.575977 tv=0.120152
06:48:44.704550 [NF_DEBUG] tick loop entered
06:48:44.704754 [network_field] time=27 mass=0.576000 tv=0.120163
06:48:44.704948 [NF_DEBUG] tick loop entered
06:48:44.705153 [network_field] time=28 mass=0.576021 tv=0.120173
06:48:44.705347 [NF_DEBUG] tick loop entered
06:48:44.705537 [NF_DEBUG] tick loop entered
06:48:44.705723 [NF_DEBUG] tick loop entered
06:48:44.705914 [network_field] time=29 mass=0.576039 tv=0.120182
06:48:44.706103 [NF_DEBUG] tick loop entered
06:48:44.706292 [network_field] time=30 mass=0.576054 tv=0.120190
06:48:44.706479 [NF_DEBUG] tick loop entered
06:48:44.706670 [network_field] time=31 mass=0.576068 tv=0.120197
06:48:44.706858 [NF_DEBUG] tick loop entered
06:48:44.707049 [network_field] time=32 mass=0.576081 tv=0.120203
06:48:44.707240 [NF_DEBUG] tick loop entered
06:48:44.707458 [network_field] time=33 mass=0.576091 tv=0.120208
06:48:44.707665 [NF_DEBUG] tick loop entered
06:48:44.707902 [NF_DEBUG] tick loop entered
06:48:44.708199 [network_field] time=34 mass=0.576101 tv=0.120213
06:48:44.708490 [NF_DEBUG] tick loop entered
06:48:44.708768 [NF_DEBUG] tick loop entered
06:48:44.709049 [network_field] time=35 mass=0.576109 tv=0.120217
06:48:44.709379 [NF_DEBUG] tick loop entered
06:48:44.709722 [network_field] time=36 mass=0.576117 tv=0.120221
06:48:44.710585 [NF_DEBUG] tick loop entered
06:48:44.711412 [network_field] time=37 mass=0.576123 tv=0.120224
06:48:44.712001 [NF_DEBUG] tick loop entered
06:48:44.712607 [network_field] time=38 mass=0.576129 tv=0.120227
06:48:44.713290 [NF_DEBUG] tick loop entered
06:48:44.713949 [network_field] time=39 mass=0.576134 tv=0.120230
06:48:44.714210 [NF_DEBUG] tick loop entered
06:48:44.714387 [NF_DEBUG] tick loop entered
06:48:44.714669 [network_field] time=40 mass=0.576138 tv=0.120232
06:48:44.714955 [NF_DEBUG] tick loop entered
06:48:44.715195 [NF_DEBUG] tick loop entered
06:48:44.715423 [network_field] time=41 mass=0.576142 tv=0.120234
06:48:44.715773 [NF_DEBUG] tick loop entered
06:48:44.715996 [NF_DEBUG] tick loop entered
06:48:44.716183 [network_field] time=42 mass=0.576145 tv=0.120236
06:48:44.716383 [NF_DEBUG] tick loop entered
06:48:44.716564 [NF_DEBUG] tick loop entered
06:48:44.716770 [network_field] time=43 mass=0.576148 tv=0.120237
06:48:44.716948 [NF_DEBUG] tick loop entered
06:48:44.717150 [network_field] time=44 mass=0.576151 tv=0.120239
06:48:44.717323 [NF_DEBUG] tick loop entered
06:48:44.717514 [network_field] time=45 mass=0.576153 tv=0.120240
06:48:44.717748 [NF_DEBUG] tick loop entered
06:48:44.717911 [network_field] time=46 mass=0.576155 tv=0.120241
06:48:44.718094 [NF_DEBUG] tick loop entered
06:48:44.718302 [network_field] time=47 mass=0.576157 tv=0.120242
06:48:44.718487 [NF_DEBUG] tick loop entered
06:48:44.718666 [NF_DEBUG] tick loop entered
06:48:44.718869 [network_field] time=48 mass=0.576159 tv=0.120242
06:48:44.719024 [NF_DEBUG] tick loop entered
06:48:44.719211 [network_field] time=49 mass=0.576160 tv=0.120243
06:48:44.719386 [NF_DEBUG] tick loop entered
06:48:44.719568 [NF_DEBUG] tick loop entered
06:48:44.719747 [network_field] time=50 mass=0.580275 tv=0.120520
06:48:44.719928 [NF_DEBUG] tick loop entered
06:48:44.720121 [NF_DEBUG] tick loop entered
06:48:44.720303 [network_field] time=51 mass=0.584145 tv=0.120899
06:48:44.720478 [NF_DEBUG] tick loop entered
06:48:44.720653 [NF_DEBUG] tick loop entered
06:48:44.720828 [network_field] time=52 mass=0.587820 tv=0.121336
06:48:44.721009 [NF_DEBUG] tick loop entered
06:48:44.721187 [network_field] time=53 mass=0.591321 tv=0.121803
06:48:44.721355 [NF_DEBUG] tick loop entered
06:48:44.721525 [network_field] time=54 mass=0.594660 tv=0.122284
06:48:44.721693 [NF_DEBUG] tick loop entered
06:48:44.721860 [NF_DEBUG] tick loop entered
06:48:44.722028 [network_field] time=55 mass=0.597843 tv=0.122770
06:48:44.722196 [NF_DEBUG] tick loop entered
06:48:44.722362 [NF_DEBUG] tick loop entered
06:48:44.722529 [network_field] time=56 mass=0.600876 tv=0.123256
06:48:44.722696 [NF_DEBUG] tick loop entered
06:48:44.722864 [network_field] time=57 mass=0.603764 tv=0.123738
06:48:44.723016 [NF_DEBUG] tick loop entered
06:48:44.723187 [network_field] time=58 mass=0.606510 tv=0.124215
06:48:44.723356 [NF_DEBUG] tick loop entered
06:48:44.723524 [NF_DEBUG] tick loop entered
06:48:44.723696 [NF_DEBUG] tick loop entered
06:48:46.683787 [scenario] tick=16 id=burst-frontend phase=ramp svc=frontend metric=RequestRate factor=2.41 depth=3 prop_delay_est=18.11ms
06:48:46.684955 [coupler] svc=frontend window_queue_baseline=0.000 window_latency_persisted=15.000 demand_memory_factor=232.647 propagation_stage=1 variance=0.000
06:48:46.686230 [physics] svc=frontend queue_next=0.000 effective_service_rate=666.667 latency_feedback=1.000 propagation_delay_stage=0
06:48:46.687140 [observer] svc=frontend queue_velocity=0.000 utilisation_gradient=17.415 disturbance_energy=452.783 stability_score=0.000
06:48:46.688033 [control] svc=frontend bare_out=0.000 recovery_incentive=0.000 stability_margin=0.659 predicted_relief_ms=0 adjusted_limit=2.316 stiction=0
06:48:46.689151 [hub] marshal error: json: unsupported value: +Inf
06:48:46.689335 [NF_DEBUG] tick loop entered
06:48:46.691219 [network_field] time=0 mass=0.609120 tv=0.124685
06:48:46.691839 [NF_DEBUG] tick loop entered
06:48:46.690465 [actuator] EXECUTED id=tick-16-svc-frontend svc=frontend limit=2.32 latency=1.333272ms tick=16
06:48:46.692449 [network_field] time=1 mass=0.611598 tv=0.125149
06:48:46.694331 [NF_DEBUG] tick loop entered
06:48:46.694919 [network_field] time=2 mass=0.613947 tv=0.125605
06:48:46.695570 [NF_DEBUG] tick loop entered
06:48:46.696160 [network_field] time=3 mass=0.616172 tv=0.126053
06:48:46.697454 [NF_DEBUG] tick loop entered
06:48:46.697792 [network_field] time=4 mass=0.618276 tv=0.126495
06:48:46.698091 [NF_DEBUG] tick loop entered
06:48:46.698394 [network_field] time=5 mass=0.620263 tv=0.126929
06:48:46.698735 [NF_DEBUG] tick loop entered
06:48:46.699157 [network_field] time=6 mass=0.622137 tv=0.127355
06:48:46.699571 [NF_DEBUG] tick loop entered
06:48:46.700005 [network_field] time=7 mass=0.623902 tv=0.127774
06:48:46.700317 [NF_DEBUG] tick loop entered
06:48:46.700588 [network_field] time=8 mass=0.625560 tv=0.128185
06:48:46.700831 [NF_DEBUG] tick loop entered
06:48:46.701070 [network_field] time=9 mass=0.627116 tv=0.128587
06:48:46.701286 [NF_DEBUG] tick loop entered
06:48:46.701526 [network_field] time=10 mass=0.628572 tv=0.128980
06:48:46.701734 [NF_DEBUG] tick loop entered
06:48:46.701926 [network_field] time=11 mass=0.629932 tv=0.129362
06:48:46.702116 [NF_DEBUG] tick loop entered
06:48:46.702303 [network_field] time=12 mass=0.631200 tv=0.129732
06:48:46.702491 [NF_DEBUG] tick loop entered
06:48:46.702677 [network_field] time=13 mass=0.632379 tv=0.130089
06:48:46.702871 [NF_DEBUG] tick loop entered
06:48:46.703057 [NF_DEBUG] tick loop entered
06:48:46.703258 [NF_DEBUG] tick loop entered
06:48:46.703442 [network_field] time=14 mass=0.633473 tv=0.130433
06:48:46.703632 [NF_DEBUG] tick loop entered
06:48:46.704308 [NF_DEBUG] tick loop entered
06:48:46.704556 [NF_DEBUG] tick loop entered
06:48:46.704759 [NF_DEBUG] tick loop entered
06:48:46.704958 [network_field] time=15 mass=0.634485 tv=0.130761
06:48:46.705140 [NF_DEBUG] tick loop entered
06:48:46.705394 [NF_DEBUG] tick loop entered
06:48:46.705713 [NF_DEBUG] tick loop entered
06:48:46.706036 [network_field] time=16 mass=0.635420 tv=0.131075
06:48:46.706392 [NF_DEBUG] tick loop entered
06:48:46.707103 [NF_DEBUG] tick loop entered
06:48:46.707450 [network_field] time=17 mass=0.636281 tv=0.131372
06:48:46.707718 [NF_DEBUG] tick loop entered
06:48:46.707981 [NF_DEBUG] tick loop entered
06:48:46.708238 [network_field] time=18 mass=0.637073 tv=0.131653
06:48:46.708495 [NF_DEBUG] tick loop entered
06:48:46.708755 [network_field] time=19 mass=0.637798 tv=0.131917
06:48:46.709027 [NF_DEBUG] tick loop entered
06:48:46.709282 [NF_DEBUG] tick loop entered
06:48:46.709489 [network_field] time=20 mass=0.638463 tv=0.132164
06:48:46.709783 [NF_DEBUG] tick loop entered
06:48:46.710273 [network_field] time=21 mass=0.639069 tv=0.132395
06:48:46.710664 [NF_DEBUG] tick loop entered
06:48:46.711062 [network_field] time=22 mass=0.639621 tv=0.132610
06:48:46.711527 [NF_DEBUG] tick loop entered
06:48:46.711748 [network_field] time=23 mass=0.640124 tv=0.132810
06:48:46.711954 [NF_DEBUG] tick loop entered
06:48:46.712138 [network_field] time=24 mass=0.640580 tv=0.132994
06:48:46.712322 [NF_DEBUG] tick loop entered
06:48:46.712687 [network_field] time=25 mass=0.640993 tv=0.133163
06:48:46.712898 [NF_DEBUG] tick loop entered
06:48:46.713193 [network_field] time=26 mass=0.641367 tv=0.133319
06:48:46.713467 [NF_DEBUG] tick loop entered
06:48:46.713654 [network_field] time=27 mass=0.641704 tv=0.133461
06:48:46.713839 [NF_DEBUG] tick loop entered
06:48:46.714039 [network_field] time=28 mass=0.642008 tv=0.133591
06:48:46.714212 [NF_DEBUG] tick loop entered
06:48:46.714384 [network_field] time=29 mass=0.642282 tv=0.133710
06:48:46.714559 [NF_DEBUG] tick loop entered
06:48:46.714731 [network_field] time=30 mass=0.642528 tv=0.133818
06:48:46.714905 [NF_DEBUG] tick loop entered
06:48:46.715078 [network_field] time=31 mass=0.642749 tv=0.133916
06:48:46.715254 [NF_DEBUG] tick loop entered
06:48:46.715430 [NF_DEBUG] tick loop entered
06:48:46.715606 [network_field] time=32 mass=0.642947 tv=0.134004
06:48:46.715776 [NF_DEBUG] tick loop entered
06:48:46.715948 [NF_DEBUG] tick loop entered
06:48:46.716129 [network_field] time=33 mass=0.643124 tv=0.134084
06:48:46.716427 [NF_DEBUG] tick loop entered
06:48:46.716619 [NF_DEBUG] tick loop entered
06:48:46.716803 [network_field] time=34 mass=0.643283 tv=0.134157
06:48:46.716982 [NF_DEBUG] tick loop entered
06:48:46.717158 [network_field] time=35 mass=0.643424 tv=0.134222
06:48:46.717368 [NF_DEBUG] tick loop entered
06:48:46.717557 [NF_DEBUG] tick loop entered
06:48:46.717732 [NF_DEBUG] tick loop entered
06:48:46.717902 [NF_DEBUG] tick loop entered
06:48:46.718830 [network_field] time=36 mass=0.643551 tv=0.134280
06:48:46.719034 [NF_DEBUG] tick loop entered
06:48:46.719207 [network_field] time=37 mass=0.643664 tv=0.134333
06:48:46.719373 [NF_DEBUG] tick loop entered
06:48:46.719686 [network_field] time=38 mass=0.643764 tv=0.134380
06:48:46.719949 [NF_DEBUG] tick loop entered
06:48:46.720227 [network_field] time=39 mass=0.643853 tv=0.134422
06:48:46.720440 [NF_DEBUG] tick loop entered
06:48:46.721032 [network_field] time=40 mass=0.643933 tv=0.134460
06:48:46.721247 [NF_DEBUG] tick loop entered
06:48:46.721428 [network_field] time=41 mass=0.644004 tv=0.134493
06:48:46.721596 [NF_DEBUG] tick loop entered
06:48:46.721761 [network_field] time=42 mass=0.644066 tv=0.134523
06:48:46.721926 [NF_DEBUG] tick loop entered
06:48:46.722091 [network_field] time=43 mass=0.644122 tv=0.134550
06:48:46.722255 [NF_DEBUG] tick loop entered
06:48:46.722430 [network_field] time=44 mass=0.644171 tv=0.134574
06:48:46.722600 [NF_DEBUG] tick loop entered
06:48:46.722786 [NF_DEBUG] tick loop entered
06:48:46.722967 [NF_DEBUG] tick loop entered
06:48:46.723158 [network_field] time=45 mass=0.644215 tv=0.134595
06:48:46.723342 [NF_DEBUG] tick loop entered
06:48:46.723518 [network_field] time=46 mass=0.644254 tv=0.134614
06:48:46.723694 [NF_DEBUG] tick loop entered
06:48:46.723867 [NF_DEBUG] tick loop entered
06:48:46.724050 [network_field] time=47 mass=0.644288 tv=0.134631
06:48:46.724225 [NF_DEBUG] tick loop entered
06:48:46.724399 [network_field] time=48 mass=0.644318 tv=0.134646
06:48:46.724573 [NF_DEBUG] tick loop entered
06:48:46.724743 [NF_DEBUG] tick loop entered
06:48:46.724914 [network_field] time=49 mass=0.644345 tv=0.134659
06:48:46.725095 [NF_DEBUG] tick loop entered
06:48:46.726018 [network_field] time=50 mass=0.648166 tv=0.134926
06:48:46.726211 [NF_DEBUG] tick loop entered
06:48:46.726498 [NF_DEBUG] tick loop entered
06:48:46.726754 [network_field] time=51 mass=0.651759 tv=0.135286
06:48:46.727045 [NF_DEBUG] tick loop entered
06:48:46.727528 [NF_DEBUG] tick loop entered
06:48:46.728038 [network_field] time=52 mass=0.655170 tv=0.135698
06:48:46.728423 [NF_DEBUG] tick loop entered
06:48:46.728727 [network_field] time=53 mass=0.658421 tv=0.136137
06:48:46.728890 [NF_DEBUG] tick loop entered
06:48:46.729042 [network_field] time=54 mass=0.661521 tv=0.136589
06:48:46.729209 [NF_DEBUG] tick loop entered
06:48:46.729361 [network_field] time=55 mass=0.664477 tv=0.137044
06:48:46.729514 [NF_DEBUG] tick loop entered
06:48:46.729664 [network_field] time=56 mass=0.667294 tv=0.137499
06:48:46.729807 [NF_DEBUG] tick loop entered
06:48:46.729957 [NF_DEBUG] tick loop entered
06:48:46.730104 [NF_DEBUG] tick loop entered
06:48:46.730239 [NF_DEBUG] tick loop entered
06:48:46.730388 [network_field] time=57 mass=0.669976 tv=0.137950
06:48:46.730535 [NF_DEBUG] tick loop entered
06:48:46.730672 [NF_DEBUG] tick loop entered
06:48:46.730822 [network_field] time=58 mass=0.672528 tv=0.138395
06:48:46.730970 [NF_DEBUG] tick loop entered
06:48:46.731104 [NF_DEBUG] tick loop entered
06:48:46.731252 [NF_DEBUG] tick loop entered
06:48:46.731385 [network_field] time=59 mass=0.674954 tv=0.138834
06:48:46.731540 [NF_DEBUG] tick loop entered
06:48:46.731687 [NF_DEBUG] tick loop entered
06:48:46.731836 [network_field] time=60 mass=0.677258 tv=0.139266
06:48:46.731983 [NF_DEBUG] tick loop entered
06:48:46.732135 [NF_DEBUG] tick loop entered
06:48:46.732283 [NF_DEBUG] tick loop entered
06:48:46.733165 [network_field] time=61 mass=0.679444 tv=0.139692
06:48:46.733324 [NF_DEBUG] tick loop entered
06:48:46.733474 [network_field] time=62 mass=0.681514 tv=0.140110
06:48:46.733635 [NF_DEBUG] tick loop entered
06:48:46.733836 [NF_DEBUG] tick loop entered
06:48:46.734106 [network_field] time=63 mass=0.683474 tv=0.140522
06:48:46.734341 [NF_DEBUG] tick loop entered
06:48:48.690961 [scenario] tick=17 id=burst-frontend phase=ramp svc=frontend metric=RequestRate factor=2.59 depth=3 prop_delay_est=19.40ms
06:48:48.691619 [coupler] svc=frontend window_queue_baseline=0.000 window_latency_persisted=15.000 demand_memory_factor=250.864 propagation_stage=2 variance=0.000
06:48:48.692270 [physics] svc=frontend queue_next=0.000 effective_service_rate=666.667 latency_feedback=1.000 propagation_delay_stage=0
06:48:48.692857 [observer] svc=frontend queue_velocity=0.000 utilisation_gradient=17.683 disturbance_energy=1172.708 stability_score=0.000
06:48:48.693949 [control] svc=frontend bare_out=0.000 recovery_incentive=0.000 stability_margin=0.631 predicted_relief_ms=0 adjusted_limit=2.325 stiction=0
06:48:48.694685 [hub] marshal error: json: unsupported value: +Inf
06:48:48.695064 [NF_DEBUG] tick loop entered
06:48:48.695913 [network_field] time=0 mass=0.685326 tv=0.140926
06:48:48.696258 [NF_DEBUG] tick loop entered
06:48:48.696840 [network_field] time=1 mass=0.687073 tv=0.141324
06:48:48.697407 [NF_DEBUG] tick loop entered
06:48:48.696416 [actuator] EXECUTED id=tick-17-svc-frontend svc=frontend limit=2.32 latency=1.805634ms tick=17
06:48:48.698994 [network_field] time=2 mass=0.688720 tv=0.141715
06:48:48.700025 [NF_DEBUG] tick loop entered
06:48:48.701247 [network_field] time=3 mass=0.690268 tv=0.142098
06:48:48.701708 [NF_DEBUG] tick loop entered
06:48:48.702144 [network_field] time=4 mass=0.691722 tv=0.142473
06:48:48.702537 [NF_DEBUG] tick loop entered
06:48:48.702832 [network_field] time=5 mass=0.693084 tv=0.142839
06:48:48.703107 [NF_DEBUG] tick loop entered
06:48:48.703397 [NF_DEBUG] tick loop entered
06:48:48.703713 [network_field] time=6 mass=0.694357 tv=0.143196
06:48:48.703987 [NF_DEBUG] tick loop entered
06:48:48.704252 [NF_DEBUG] tick loop entered
06:48:48.704524 [network_field] time=7 mass=0.695545 tv=0.143542
06:48:48.704785 [NF_DEBUG] tick loop entered
06:48:48.705058 [NF_DEBUG] tick loop entered
06:48:48.705294 [network_field] time=8 mass=0.696652 tv=0.143876
06:48:48.705549 [NF_DEBUG] tick loop entered
06:48:48.705801 [network_field] time=9 mass=0.697679 tv=0.144198
06:48:48.706054 [NF_DEBUG] tick loop entered
06:48:48.706249 [NF_DEBUG] tick loop entered
06:48:48.706444 [network_field] time=10 mass=0.698631 tv=0.144507
06:48:48.706613 [NF_DEBUG] tick loop entered
06:48:48.706787 [network_field] time=11 mass=0.699511 tv=0.144801
06:48:48.706964 [NF_DEBUG] tick loop entered
06:48:48.707144 [network_field] time=12 mass=0.700323 tv=0.145081
06:48:48.707315 [NF_DEBUG] tick loop entered
06:48:48.708214 [NF_DEBUG] tick loop entered
06:48:48.708419 [network_field] time=13 mass=0.701070 tv=0.145345
06:48:48.708599 [NF_DEBUG] tick loop entered
06:48:48.708843 [NF_DEBUG] tick loop entered
06:48:48.709157 [NF_DEBUG] tick loop entered
06:48:48.709463 [network_field] time=14 mass=0.701756 tv=0.145595
06:48:48.709714 [NF_DEBUG] tick loop entered
06:48:48.709965 [network_field] time=15 mass=0.702385 tv=0.145829
06:48:48.710200 [NF_DEBUG] tick loop entered
06:48:48.710457 [network_field] time=16 mass=0.702960 tv=0.146048
06:48:48.710689 [NF_DEBUG] tick loop entered
06:48:48.711003 [NF_DEBUG] tick loop entered
06:48:48.711414 [NF_DEBUG] tick loop entered
06:48:48.711876 [network_field] time=17 mass=0.703485 tv=0.146252
06:48:48.712218 [NF_DEBUG] tick loop entered
06:48:48.712481 [NF_DEBUG] tick loop entered
06:48:48.712746 [network_field] time=18 mass=0.703962 tv=0.146441
06:48:48.713227 [NF_DEBUG] tick loop entered
06:48:48.713987 [NF_DEBUG] tick loop entered
06:48:48.714434 [NF_DEBUG] tick loop entered
06:48:48.715342 [network_field] time=19 mass=0.704397 tv=0.146616
06:48:48.715584 [NF_DEBUG] tick loop entered
06:48:48.715799 [network_field] time=20 mass=0.704791 tv=0.146778
06:48:48.716143 [NF_DEBUG] tick loop entered
06:48:48.716334 [network_field] time=21 mass=0.705147 tv=0.146927
06:48:48.716549 [NF_DEBUG] tick loop entered
06:48:48.716750 [network_field] time=22 mass=0.705470 tv=0.147063
06:48:48.716928 [NF_DEBUG] tick loop entered
06:48:48.717125 [network_field] time=23 mass=0.705762 tv=0.147188
06:48:48.717302 [NF_DEBUG] tick loop entered
06:48:48.717463 [network_field] time=24 mass=0.706024 tv=0.147302
06:48:48.717637 [NF_DEBUG] tick loop entered
06:48:48.717803 [network_field] time=25 mass=0.706261 tv=0.147406
06:48:48.717980 [NF_DEBUG] tick loop entered
06:48:48.718144 [network_field] time=26 mass=0.706474 tv=0.147500
06:48:48.718322 [NF_DEBUG] tick loop entered
06:48:48.718508 [network_field] time=27 mass=0.706665 tv=0.147586
06:48:48.718695 [NF_DEBUG] tick loop entered
06:48:48.718873 [network_field] time=28 mass=0.706836 tv=0.147663
06:48:48.719051 [NF_DEBUG] tick loop entered
06:48:48.719225 [network_field] time=29 mass=0.706989 tv=0.147733
06:48:48.719400 [NF_DEBUG] tick loop entered
06:48:48.719593 [NF_DEBUG] tick loop entered
06:48:48.719775 [network_field] time=30 mass=0.707127 tv=0.147796
06:48:48.719953 [NF_DEBUG] tick loop entered
06:48:48.720132 [NF_DEBUG] tick loop entered
06:48:48.720309 [NF_DEBUG] tick loop entered
06:48:48.720490 [network_field] time=31 mass=0.707249 tv=0.147853
06:48:48.720669 [NF_DEBUG] tick loop entered
06:48:48.720851 [NF_DEBUG] tick loop entered
06:48:48.721029 [network_field] time=32 mass=0.707359 tv=0.147904
06:48:48.721212 [NF_DEBUG] tick loop entered
06:48:48.721392 [network_field] time=33 mass=0.707457 tv=0.147950
06:48:48.721568 [NF_DEBUG] tick loop entered
06:48:48.722528 [network_field] time=34 mass=0.707544 tv=0.147992
06:48:48.722717 [NF_DEBUG] tick loop entered
06:48:48.722888 [NF_DEBUG] tick loop entered
06:48:48.723054 [network_field] time=35 mass=0.707622 tv=0.148029
06:48:48.723268 [NF_DEBUG] tick loop entered
06:48:48.723445 [network_field] time=36 mass=0.707691 tv=0.148062
06:48:48.723621 [NF_DEBUG] tick loop entered
06:48:48.723858 [network_field] time=37 mass=0.707752 tv=0.148091
06:48:48.724032 [NF_DEBUG] tick loop entered
06:48:48.724198 [NF_DEBUG] tick loop entered
06:48:48.724378 [network_field] time=38 mass=0.707807 tv=0.148118
06:48:48.724554 [NF_DEBUG] tick loop entered
06:48:48.724724 [network_field] time=39 mass=0.707855 tv=0.148141
06:48:48.724904 [NF_DEBUG] tick loop entered
06:48:48.725121 [NF_DEBUG] tick loop entered
06:48:48.725311 [network_field] time=40 mass=0.707898 tv=0.148162
06:48:48.725497 [NF_DEBUG] tick loop entered
06:48:48.725714 [network_field] time=41 mass=0.707936 tv=0.148181
06:48:48.725899 [NF_DEBUG] tick loop entered
06:48:48.726082 [NF_DEBUG] tick loop entered
06:48:48.726262 [network_field] time=42 mass=0.707970 tv=0.148197
06:48:48.726446 [NF_DEBUG] tick loop entered
06:48:48.726629 [NF_DEBUG] tick loop entered
06:48:48.726814 [network_field] time=43 mass=0.708000 tv=0.148212
06:48:48.726993 [NF_DEBUG] tick loop entered
06:48:48.727169 [network_field] time=44 mass=0.708027 tv=0.148225
06:48:48.727343 [NF_DEBUG] tick loop entered
06:48:48.727556 [NF_DEBUG] tick loop entered
06:48:48.728685 [NF_DEBUG] tick loop entered
06:48:48.729802 [network_field] time=45 mass=0.708050 tv=0.148237
06:48:48.730132 [NF_DEBUG] tick loop entered
06:48:48.730451 [NF_DEBUG] tick loop entered
06:48:48.731024 [network_field] time=46 mass=0.708071 tv=0.148247
06:48:48.731447 [NF_DEBUG] tick loop entered
06:48:48.731869 [network_field] time=47 mass=0.708089 tv=0.148256
06:48:48.732189 [NF_DEBUG] tick loop entered
06:48:48.732454 [network_field] time=48 mass=0.708106 tv=0.148265
06:48:48.732626 [NF_DEBUG] tick loop entered
06:48:48.732794 [network_field] time=49 mass=0.708120 tv=0.148272
06:48:48.732973 [NF_DEBUG] tick loop entered
06:48:48.733168 [network_field] time=50 mass=0.711538 tv=0.148507
06:48:48.733335 [NF_DEBUG] tick loop entered
06:48:48.733505 [network_field] time=51 mass=0.714755 tv=0.148826
06:48:48.733673 [NF_DEBUG] tick loop entered
06:48:48.733849 [network_field] time=52 mass=0.717810 tv=0.149193
06:48:48.734033 [NF_DEBUG] tick loop entered
06:48:48.734216 [NF_DEBUG] tick loop entered
06:48:48.734390 [network_field] time=53 mass=0.720723 tv=0.149584
06:48:48.734577 [NF_DEBUG] tick loop entered
06:48:48.734764 [NF_DEBUG] tick loop entered
06:48:48.734959 [network_field] time=54 mass=0.723502 tv=0.149987
06:48:48.735137 [NF_DEBUG] tick loop entered
06:48:48.735331 [network_field] time=55 mass=0.726154 tv=0.150394
06:48:48.735510 [NF_DEBUG] tick loop entered
06:48:48.735677 [network_field] time=56 mass=0.728682 tv=0.150800
06:48:48.735847 [NF_DEBUG] tick loop entered
06:48:48.736491 [network_field] time=57 mass=0.731092 tv=0.151204
06:48:48.736773 [NF_DEBUG] tick loop entered
06:48:48.736938 [network_field] time=58 mass=0.733385 tv=0.151603
06:48:48.737096 [NF_DEBUG] tick loop entered
06:48:48.737256 [network_field] time=59 mass=0.735567 tv=0.151997
06:48:48.737415 [NF_DEBUG] tick loop entered
06:48:48.737610 [network_field] time=60 mass=0.737640 tv=0.152385
06:48:48.737842 [NF_DEBUG] tick loop entered
06:48:48.738071 [NF_DEBUG] tick loop entered
06:48:48.738276 [NF_DEBUG] tick loop entered
06:48:48.738450 [network_field] time=61 mass=0.739608 tv=0.152766
06:48:48.738609 [NF_DEBUG] tick loop entered
06:48:48.738770 [network_field] time=62 mass=0.741474 tv=0.153142
06:48:48.738928 [NF_DEBUG] tick loop entered
06:48:48.739079 [network_field] time=63 mass=0.743241 tv=0.153512
06:48:48.739233 [NF_DEBUG] tick loop entered
06:48:48.739385 [network_field] time=64 mass=0.744912 tv=0.153876
06:48:48.739535 [NF_DEBUG] tick loop entered
06:48:48.739692 [network_field] time=65 mass=0.746490 tv=0.154234
06:48:48.739846 [NF_DEBUG] tick loop entered
06:48:50.697671 [scenario] tick=18 id=burst-frontend phase=ramp svc=frontend metric=RequestRate factor=2.73 depth=3 prop_delay_est=20.49ms
06:48:50.698853 [coupler] svc=frontend window_queue_baseline=0.000 window_latency_persisted=15.000 demand_memory_factor=266.503 propagation_stage=0 variance=0.000
06:48:50.700049 [physics] svc=frontend queue_next=0.000 effective_service_rate=666.667 latency_feedback=1.000 propagation_delay_stage=0
06:48:50.701184 [observer] svc=frontend queue_velocity=0.000 utilisation_gradient=17.399 disturbance_energy=3037.314 stability_score=0.000
06:48:50.702646 [control] svc=frontend bare_out=0.000 recovery_incentive=0.000 stability_margin=0.606 predicted_relief_ms=0 adjusted_limit=2.331 stiction=0
06:48:50.703684 [hub] marshal error: json: unsupported value: +Inf
06:48:50.703806 [NF_DEBUG] tick loop entered
06:48:50.705346 [network_field] time=0 mass=0.747978 tv=0.154586
06:48:50.706183 [NF_DEBUG] tick loop entered
06:48:50.704599 [actuator] EXECUTED id=tick-18-svc-frontend svc=frontend limit=2.33 latency=1.01741ms tick=18
06:48:50.706981 [NF_DEBUG] tick loop entered
06:48:50.708350 [network_field] time=1 mass=0.749378 tv=0.154931
06:48:50.708888 [NF_DEBUG] tick loop entered
06:48:50.709403 [NF_DEBUG] tick loop entered
06:48:50.709781 [network_field] time=2 mass=0.750695 tv=0.155270
06:48:50.710155 [NF_DEBUG] tick loop entered
06:48:50.710538 [NF_DEBUG] tick loop entered
06:48:50.711179 [NF_DEBUG] tick loop entered
06:48:50.711857 [NF_DEBUG] tick loop entered
06:48:50.712369 [NF_DEBUG] tick loop entered
06:48:50.712964 [network_field] time=3 mass=0.751929 tv=0.155601
06:48:50.713465 [NF_DEBUG] tick loop entered
06:48:50.713866 [network_field] time=4 mass=0.753084 tv=0.155923
06:48:50.714264 [NF_DEBUG] tick loop entered
06:48:50.714650 [network_field] time=5 mass=0.754163 tv=0.156236
06:48:50.715063 [NF_DEBUG] tick loop entered
06:48:50.715448 [network_field] time=6 mass=0.755168 tv=0.156539
06:48:50.715829 [NF_DEBUG] tick loop entered
06:48:50.716235 [network_field] time=7 mass=0.756103 tv=0.156831
06:48:50.716605 [NF_DEBUG] tick loop entered
06:48:50.716973 [network_field] time=8 mass=0.756971 tv=0.157111
06:48:50.717341 [NF_DEBUG] tick loop entered
06:48:50.717715 [network_field] time=9 mass=0.757774 tv=0.157379
06:48:50.718086 [NF_DEBUG] tick loop entered
06:48:50.718909 [network_field] time=10 mass=0.758515 tv=0.157634
06:48:50.719506 [NF_DEBUG] tick loop entered
06:48:50.719993 [network_field] time=11 mass=0.759199 tv=0.157875
06:48:50.720542 [NF_DEBUG] tick loop entered
06:48:50.720949 [network_field] time=12 mass=0.759827 tv=0.158103
06:48:50.721382 [NF_DEBUG] tick loop entered
06:48:50.721817 [network_field] time=13 mass=0.760404 tv=0.158318
06:48:50.722216 [NF_DEBUG] tick loop entered
06:48:50.722613 [network_field] time=14 mass=0.760931 tv=0.158519
06:48:50.722963 [NF_DEBUG] tick loop entered
06:48:50.723287 [network_field] time=15 mass=0.761414 tv=0.158706
06:48:50.723609 [NF_DEBUG] tick loop entered
06:48:50.723932 [NF_DEBUG] tick loop entered
06:48:50.724269 [network_field] time=16 mass=0.761854 tv=0.158880
06:48:50.724599 [NF_DEBUG] tick loop entered
06:48:50.724921 [NF_DEBUG] tick loop entered
06:48:50.725228 [network_field] time=17 mass=0.762254 tv=0.159042
06:48:50.725556 [NF_DEBUG] tick loop entered
06:48:50.725884 [network_field] time=18 mass=0.762618 tv=0.159191
06:48:50.726209 [NF_DEBUG] tick loop entered
06:48:50.726530 [network_field] time=19 mass=0.762948 tv=0.159328
06:48:50.726860 [NF_DEBUG] tick loop entered
06:48:50.727688 [NF_DEBUG] tick loop entered
06:48:50.728229 [network_field] time=20 mass=0.763247 tv=0.159455
06:48:50.728661 [NF_DEBUG] tick loop entered
06:48:50.729144 [NF_DEBUG] tick loop entered
06:48:50.729560 [network_field] time=21 mass=0.763517 tv=0.159571
06:48:50.729934 [NF_DEBUG] tick loop entered
06:48:50.730296 [network_field] time=22 mass=0.763761 tv=0.159677
06:48:50.730670 [NF_DEBUG] tick loop entered
06:48:50.731023 [NF_DEBUG] tick loop entered
06:48:50.731410 [network_field] time=23 mass=0.763981 tv=0.159773
06:48:50.731785 [NF_DEBUG] tick loop entered
06:48:50.732145 [NF_DEBUG] tick loop entered
06:48:50.732450 [NF_DEBUG] tick loop entered
06:48:50.732743 [network_field] time=24 mass=0.764179 tv=0.159861
06:48:50.733036 [NF_DEBUG] tick loop entered
06:48:50.733337 [network_field] time=25 mass=0.764357 tv=0.159941
06:48:50.733562 [NF_DEBUG] tick loop entered
06:48:50.734315 [NF_DEBUG] tick loop entered
06:48:50.734595 [network_field] time=26 mass=0.764517 tv=0.160013
06:48:50.734823 [NF_DEBUG] tick loop entered
06:48:50.735030 [NF_DEBUG] tick loop entered
06:48:50.735270 [network_field] time=27 mass=0.764661 tv=0.160079
06:48:50.735470 [NF_DEBUG] tick loop entered
06:48:50.735655 [NF_DEBUG] tick loop entered
06:48:50.735906 [network_field] time=28 mass=0.764789 tv=0.160138
06:48:50.736106 [NF_DEBUG] tick loop entered
06:48:50.736307 [NF_DEBUG] tick loop entered
06:48:50.736504 [NF_DEBUG] tick loop entered
06:48:50.736778 [NF_DEBUG] tick loop entered
06:48:50.737008 [network_field] time=29 mass=0.764905 tv=0.160192
06:48:50.737268 [NF_DEBUG] tick loop entered
06:48:50.737480 [network_field] time=30 mass=0.765008 tv=0.160240
06:48:50.737675 [NF_DEBUG] tick loop entered
06:48:50.737891 [NF_DEBUG] tick loop entered
06:48:50.738090 [network_field] time=31 mass=0.765100 tv=0.160283
06:48:50.738308 [NF_DEBUG] tick loop entered
06:48:50.738496 [network_field] time=32 mass=0.765182 tv=0.160322
06:48:50.738711 [NF_DEBUG] tick loop entered
06:48:50.738926 [network_field] time=33 mass=0.765255 tv=0.160357
06:48:50.739166 [NF_DEBUG] tick loop entered
06:48:50.739395 [network_field] time=34 mass=0.765320 tv=0.160389
06:48:50.739584 [NF_DEBUG] tick loop entered
06:48:50.739803 [network_field] time=35 mass=0.765378 tv=0.160417
06:48:50.739998 [NF_DEBUG] tick loop entered
06:48:50.740181 [NF_DEBUG] tick loop entered
06:48:50.740391 [network_field] time=36 mass=0.765430 tv=0.160442
06:48:50.740577 [NF_DEBUG] tick loop entered
06:48:50.740785 [NF_DEBUG] tick loop entered
06:48:50.740979 [NF_DEBUG] tick loop entered
06:48:50.741191 [network_field] time=37 mass=0.765476 tv=0.160464
06:48:50.741371 [NF_DEBUG] tick loop entered
06:48:50.741553 [NF_DEBUG] tick loop entered
06:48:50.741763 [network_field] time=38 mass=0.765517 tv=0.160484
06:48:50.741953 [NF_DEBUG] tick loop entered
06:48:50.742163 [network_field] time=39 mass=0.765553 tv=0.160502
06:48:50.742343 [NF_DEBUG] tick loop entered
06:48:50.742551 [NF_DEBUG] tick loop entered
06:48:50.742740 [NF_DEBUG] tick loop entered
06:48:50.742953 [network_field] time=40 mass=0.765586 tv=0.160518
06:48:50.743146 [NF_DEBUG] tick loop entered
06:48:50.743363 [network_field] time=41 mass=0.765614 tv=0.160532
06:48:50.743644 [NF_DEBUG] tick loop entered
06:48:50.744031 [network_field] time=42 mass=0.765640 tv=0.160545
06:48:50.744333 [NF_DEBUG] tick loop entered
06:48:50.744611 [network_field] time=43 mass=0.765662 tv=0.160556
06:48:50.744823 [NF_DEBUG] tick loop entered
06:48:50.745018 [network_field] time=44 mass=0.765682 tv=0.160566
06:48:50.745220 [NF_DEBUG] tick loop entered
06:48:50.745436 [NF_DEBUG] tick loop entered
06:48:50.745688 [network_field] time=45 mass=0.765700 tv=0.160575
06:48:50.745909 [NF_DEBUG] tick loop entered
06:48:50.746102 [network_field] time=46 mass=0.765715 tv=0.160582
06:48:50.746323 [NF_DEBUG] tick loop entered
06:48:50.746518 [network_field] time=47 mass=0.765729 tv=0.160589
06:48:50.746721 [NF_DEBUG] tick loop entered
06:48:50.746904 [NF_DEBUG] tick loop entered
06:48:50.747108 [network_field] time=48 mass=0.765741 tv=0.160596
06:48:50.747279 [NF_DEBUG] tick loop entered
06:48:50.747489 [NF_DEBUG] tick loop entered
06:48:50.747675 [NF_DEBUG] tick loop entered
06:48:50.747882 [network_field] time=49 mass=0.765752 tv=0.160601
06:48:50.748058 [NF_DEBUG] tick loop entered
06:48:50.748278 [network_field] time=50 mass=0.768715 tv=0.160804
06:48:50.748454 [NF_DEBUG] tick loop entered
06:48:50.748661 [network_field] time=51 mass=0.771503 tv=0.161080
06:48:50.748838 [NF_DEBUG] tick loop entered
06:48:52.213595 [loadequilibrium] shutting down
06:48:52.213724 [engine] shutdown
06:48:52.215761 [loadequilibrium] exit
