06:53:26.020383 [loadequilibrium] starting - VER_2.2_SYNC_CHECK
06:53:29.022653 [persistence] disabled (no DATABASE_URL)
06:53:29.037042 [engine] started  tick=2s  window=30  maxSvc=200  workers=8  stochastic=exponential  min=1s  max=10s
06:53:29.037278 [engine] SCENARIO_MODE detected [VER_2.1]: "off" (os.Getenv: "off")
06:53:29.036963 [http] listening on :8080
06:54:29.075741 [engine] stage=prune        elapsed=1µs ewma=0.00ms trend=-0.000ms/tick tick=30
06:54:29.076346 [engine] stage=windows      elapsed=2µs ewma=0.01ms trend=-0.000ms/tick tick=30
06:55:29.102853 [engine] stage=prune        elapsed=1µs ewma=0.00ms trend=-0.000ms/tick tick=60
06:55:29.102937 [engine] stage=windows      elapsed=2µs ewma=0.00ms trend=-0.000ms/tick tick=60
06:56:29.135368 [engine] stage=prune        elapsed=3µs ewma=0.00ms trend=+0.000ms/tick tick=90
06:56:29.135602 [engine] stage=windows      elapsed=4µs ewma=0.00ms trend=-0.000ms/tick tick=90
06:57:29.177575 [engine] stage=prune        elapsed=3µs ewma=0.00ms trend=-0.000ms/tick tick=120
06:57:29.177655 [engine] stage=windows      elapsed=3µs ewma=0.00ms trend=-0.000ms/tick tick=120
06:58:29.221693 [engine] stage=prune        elapsed=3µs ewma=0.00ms trend=+0.000ms/tick tick=150
06:58:29.221763 [engine] stage=windows      elapsed=3µs ewma=0.00ms trend=-0.000ms/tick tick=150
06:59:29.262790 [engine] stage=prune        elapsed=2µs ewma=0.00ms trend=+0.000ms/tick tick=180
06:59:29.262871 [engine] stage=windows      elapsed=2µs ewma=0.01ms trend=-0.000ms/tick tick=180
07:00:29.305600 [engine] stage=prune        elapsed=1µs ewma=0.01ms trend=+0.000ms/tick tick=210
07:00:29.305650 [engine] stage=windows      elapsed=1µs ewma=0.01ms trend=+0.000ms/tick tick=210
07:01:29.348511 [engine] stage=prune        elapsed=3µs ewma=0.00ms trend=-0.000ms/tick tick=240
07:01:29.349076 [engine] stage=windows      elapsed=3µs ewma=0.01ms trend=-0.000ms/tick tick=240
07:02:29.390564 [engine] stage=prune        elapsed=3µs ewma=0.00ms trend=-0.000ms/tick tick=270
07:02:29.390778 [engine] stage=windows      elapsed=5µs ewma=0.01ms trend=-0.000ms/tick tick=270
